<?xml version="1.0" encoding="UTF-8"?>
<!-- Generated by org.testng.reporters.JUnitXMLReporter -->
<testsuite hostname="Shekhars-MacBook-Pro.local" ignored="0" name="Google Search Test1" tests="2" failures="2" timestamp="28 May 2017 04:41:38 GMT" time="0.137" errors="0">
  <testcase name="googleSearchTest" time="0.001" classname="com.happiestmind.automation.suite.smoke.GoogleSearchTest">
    <failure type="java.lang.ArrayIndexOutOfBoundsException" message="2">
      <![CDATA[java.lang.ArrayIndexOutOfBoundsException: 2
	at com.happiestmind.automation.suite.smoke.GoogleSearchTest.googleSearchTest(GoogleSearchTest.java:63)
... Removed 26 stack frames]]>
    </failure>
  </testcase> <!-- googleSearchTest -->
  <testcase name="googleSearchTest" time="0.001" classname="com.happiestmind.automation.suite.smoke.GoogleSearchTest">
    <failure type="java.lang.ArrayIndexOutOfBoundsException" message="3">
      <![CDATA[java.lang.ArrayIndexOutOfBoundsException: 3
	at com.happiestmind.automation.suite.smoke.GoogleSearchTest.googleSearchTest(GoogleSearchTest.java:63)
... Removed 26 stack frames]]>
    </failure>
  </testcase> <!-- googleSearchTest -->
</testsuite> <!-- Google Search Test1 -->
