
<!DOCTYPE html>
<html>
	<head>
		<!--
			ExtentReports Library 2.41.1 | http://relevantcodes.com/extentreports-for-selenium/ | https://github.com/anshooarora/
			Copyright (c) 2015, Anshoo Arora (Relevant Codes) | Copyrights licensed under the New BSD License | http://opensource.org/licenses/BSD-3-Clause
			Documentation: http://extentreports.relevantcodes.com 
		-->

		<meta charset='UTF-8' /> 
		<meta name='description' content='ExtentReports (by Anshoo Arora) is a reporting library for automation testing for .NET and Java. It creates detailed and beautiful HTML reports for modern browsers. ExtentReports shows test and step summary along with dashboards, system and environment details for quick analysis of your tests.' />
		<meta name='robots' content='noodp, noydir' />
		<meta name='viewport' content='width=device-width, initial-scale=1' />
		<meta name='extentx' id='extentx' content='' />
		
		<title>
				HappiestMind Automation
		</title>
		
		
		<link href='http://fonts.googleapis.com/css?family=Source+Sans+Pro:400,600' rel='stylesheet' type='text/css'>
		<link href='http://cdn.rawgit.com/anshooarora/extentreports/6032d73243ba4fe4fb8769eb9c315d4fdf16fe68/cdn/extent.css' type='text/css' rel='stylesheet' />
		
		<style>
				
      
        
      
    
		</style>
	</head>
	
	
	<body class='extent default dark hide-overflow'>
		<!-- nav -->
		<nav>
			<div class='logo-container blue darken-2'>
				<a class='logo-content' href='http://extentreports.relevantcodes.com'>
					<span>ExtentReports</span>
				</a>
				<a href='#' data-activates='slide-out' class='button-collapse hide-on-large-only'><i class='mdi-navigation-apps'></i></a>
			</div>
			<ul id='slide-out' class='side-nav fixed hide-on-med-and-down'>
				<li class='analysis waves-effect active'><a href='#!' class='test-view' onclick="_updateCurrentStage(0)"><i class='mdi-action-dashboard'></i>Test Details</a></li>
					<li class='analysis waves-effect'><a href='#!' class='exceptions-view' onclick="_updateCurrentStage(2)"><i class='mdi-action-bug-report'></i>Exceptions</a></li>
				<li class='analysis waves-effect'>
					<a href='#!' onclick="_updateCurrentStage(-1)" class='dashboard-view'><i class='mdi-action-track-changes'></i></i>Analysis</a>
				</li>
			</ul>
			<span class='report-name'>Test Suite Run</span> <span class='report-headline'>Automation Report</span>
			<ul class='right hide-on-med-and-down nav-right'>
				<li class='theme-selector' alt='Click to toggle dark theme. To enable by default, use js configuration $("body").addClass("dark");' title='Click to toggle dark theme. To enable by default, use js configuration $("body").addClass("dark");'>
					<i class='mdi-hardware-desktop-windows'></i>
				</li>
				<li>
					<span class='suite-started-time'>2017-08-22 16:16:36</span>
				</li>
				<li>
					<span>v2.41.1</span>
				</li>
			</ul>
		</nav>
		<!-- /nav -->
		
		<!-- container -->
		<div class='container'>
			
			<!-- dashboard -->
			<div id='dashboard-view' class='row'>
				<div class='time-totals'>
					<div class='col l2 m4 s6'>
						<div class='card suite-total-tests'> 
							<span class='panel-name'>Total Tests</span> 
							<span class='total-tests'> <span class='panel-lead'></span> </span> 
						</div> 
					</div>
					<div class='col l2 m4 s6'>
						<div class='card suite-total-steps'> 
							<span class='panel-name'>Total Steps</span> 
							<span class='total-steps'> <span class='panel-lead'></span> </span> 
						</div> 
					</div>
					<div class='col l2 m4 s12'>
						<div class='card suite-total-time-current'> 
							<span class='panel-name'>Total Time Taken (Current Run)</span> 
							<span class='suite-total-time-current-value panel-lead'>0h 1m 46s+155ms</span> 
						</div> 
					</div>
					<div class='col l2 m4 s12'>
						<div class='card suite-total-time-overall'> 
							<span class='panel-name'>Total Time Taken (Overall)</span> 
							<span class='suite-total-time-overall-value panel-lead'>0h 1m 46s+155ms</span> 
						</div> 
					</div>
					<div class='col l2 m4 s6 suite-start-time'>
						<div class='card accent green-accent'> 
							<span class='panel-name'>Start</span> 
							<span class='panel-lead suite-started-time'>2017-08-22 16:14:50</span> 
						</div> 
					</div>
					<div class='col l2 m4 s6 suite-end-time'>
						<div class='card accent pink-accent'> 
							<span class='panel-name'>End</span> 
							<span class='panel-lead suite-ended-time'>2017-08-22 16:16:36</span> 
						</div> 
					</div>
				</div>
				<div class='charts'>
					<div class='col s12 m6 l4 fh'> 
						<div class='card-panel'> 
							<div>
								<span class='panel-name'>Tests View</span>
							</div> 
							<div class='panel-setting modal-trigger test-count-setting right'>
								<a href='#test-count-setting'><i class='mdi-navigation-more-vert text-md'></i></a>
							</div> 
							<div class='chart-box'>
								<canvas class='text-centered' id='test-analysis'></canvas>
							</div> 
							<div>
								<span class='weight-light'><span class='t-pass-count weight-normal'></span> test(s) passed</span>
							</div> 
							<div>
								<span class='weight-light'><span class='t-fail-count weight-normal'></span> test(s) failed, <span class='t-others-count weight-normal'></span> others</span>
							</div> 
						</div> 
					</div> 
					<div class='col s12 m6 l4 fh'> 
						<div class='card-panel'> 
							<div>
								<span class='panel-name'>Steps View</span>
							</div> 
							<div class='panel-setting modal-trigger step-status-filter right'>
								<a href='#step-status-filter'><i class='mdi-navigation-more-vert text-md'></i></a>
							</div> 
							<div class='chart-box'>
								<canvas class='text-centered' id='step-analysis'></canvas>
							</div> 
							<div>
								<span class='weight-light'><span class='s-pass-count weight-normal'></span> step(s) passed </span>
							</div> 
							<div>
								<span class='weight-light'><span class='s-fail-count weight-normal'></span> step(s) failed, <span class='s-others-count weight-normal'></span> others</span>
							</div> 
						</div> 
					</div>
					<div class='col s12 m12 l4 fh'> 
						<div class='card-panel'> 
							<span class='panel-name'>Pass Percentage</span> 
							<span class='pass-percentage panel-lead'></span> 
							<div class='progress light-blue lighten-3'> 
								<div class='determinate light-blue'></div> 
							</div> 
						</div> 
					</div>
				</div>
				<div class='system-view'>
					<div class='col l4 m12 s12'>
						<div class='card-panel'>
							<span class='label info outline right'>Environment</span>
							<table>
								<thead>
									<tr>
										<th>Param</th>
										<th>Value</th>
									</tr>
								</thead>
								<tbody>
										<tr>
											<td>User Name</td>
											<td>yogender.singh</td>
										</tr>
										<tr>
											<td>OS</td>
											<td>Windows 8.1</td>
										</tr>
										<tr>
											<td>Java Version</td>
											<td>1.8.0_91</td>
										</tr>
										<tr>
											<td>Host Name</td>
											<td>HMECL000220</td>
										</tr>
										<tr>
											<td>AutomationDeveloper</td>
											<td>YogenderSinghRathore</td>
										</tr>
										<tr>
											<td>Company</td>
											<td>HappiestMind</td>
										</tr>
										<tr>
											<td>Environment</td>
											<td>AutomationTesting</td>
										</tr>
								</tbody>
							</table>
						</div>
					</div>
				</div>
			</div>
			<!-- /dashboard -->
			
			<!-- tests -->
			<div id='test-view' class='row _addedTable'>
				<div class='col _addedCell1'>
					<div class='contents'>
						<div class='card-panel heading'>
							<h5>Tests</h5>
						</div>
						<div class='card-panel filters'>
							<div>
								<a class='dropdown-button btn-floating btn-small waves-effect waves-light grey tests-toggle' data-activates='tests-toggle' data-constrainwidth='true' data-beloworigin='true' data-hover='true' href='#'>
									<i class='mdi-action-reorder'></i>
								</a>
								<ul id='tests-toggle' class='dropdown-content'>
									<li class='pass'><a href='#!'>Pass</a></li>
									<li class='fail'><a href='#!'>Fail</a></li>
										<li class='fatal'><a href='#!'>Fatal</a></li>
									<li class='skip'><a href='#!'>Skip</a></li>
									<li class='divider'></li>
									<li class='clear'><a href='#!'>Clear Filters</a></li>
								</ul>
							</div>
							<div>
								<a class='btn-floating btn-small waves-effect waves-light grey' id='clear-filters' alt='Clear Filters' title='Clear Filters'>
									<i class='mdi-navigation-close'></i>
								</a>
							</div>
							<div>
								<a class='btn-floating btn-small waves-effect waves-light grey' id='enableDashboard' alt='Enable Dashboard' title='Enable Dashboard'>
									<i class='mdi-action-track-changes'></i>
								</a>
							</div>
							<div>
								<a class='btn-floating btn-small waves-effect waves-light blue enabled' id='refreshCharts' alt='Refresh Charts on Filters' title='Refresh Charts on Filters'>
									<i class='mdi-navigation-refresh'></i>
								</a>
							</div>
							<div class='search' alt='Search Tests' title='Search Tests'>
								<div class='input-field left'>
									<input id='searchTests' type='text' class='validate' placeholder='Search Tests...'>
								</div>
								<a href="#" class='btn-floating btn-small waves-effect waves-light grey'>
									<i class='mdi-action-search'></i>
								</a>
							</div>
						</div>
						<div class='card-panel no-padding-h no-padding-v no-margin-v'>
							<div class='wrapper'>
								<ul id='test-collection' class='test-collection'>
										<li class='collection-item test displayed active skip ' extentid='a5f8a133-76e5-4e2b-9aea-456a963e0d25'>
											<div class='test-head'>
												<span class='test-name'>Starting user registration </span>
												<span class='test-status label right outline capitalize skip'>skip</span>
												<span class='category-assigned hide '></span>
											</div>
											<div class='test-body'>
												<div class='test-info'>
													<span title='Test started time' alt='Test started time' class='test-started-time label green lighten-1 text-white'>2017-08-22 16:14:50</span>
													<span title='Test ended time' alt='Test ended time' class='test-ended-time label red lighten-1 text-white'>2017-08-22 16:14:50</span>
													<span title='Time taken to finish' alt='Time taken to finish' class='test-time-taken label blue-grey lighten-3 text-white'>0h 0m 0s+1ms</span>
												</div>
												<div class='test-desc'></div>
												<div class='test-attributes'>
												</div>
												<div class='test-steps'>
													<table class='bordered table-results'>
														<thead>
															<tr>
																<th>Status</th>
																<th>Timestamp</th>
																<th>Details</th>
															</tr>
														</thead>
														<tbody>
																<tr>
																	<td class='status skip' title='skip' alt='skip'><i class='mdi-content-redo'></i></td>
																	<td class='timestamp'>16:14:50</td>
																	<td class='step-details'>This test case is skipped</td>
																</tr>
																<tr>
																	<td class='status skip' title='skip' alt='skip'><i class='mdi-content-redo'></i></td>
																	<td class='timestamp'>16:14:51</td>
																	<td class='step-details'>Test Case Skipped is wpregistrationtest</td>
																</tr>
														</tbody>
													</table>
													<ul class='collapsible node-list' data-collapsible='accordion'>
													</ul>
												</div>
											</div>
										</li>
										<li class='collection-item test displayed active skip ' extentid='a96f3c98-5cc5-4d4c-9759-60ce44493d5b'>
											<div class='test-head'>
												<span class='test-name'>Starting user registration </span>
												<span class='test-status label right outline capitalize skip'>skip</span>
												<span class='category-assigned hide '></span>
											</div>
											<div class='test-body'>
												<div class='test-info'>
													<span title='Test started time' alt='Test started time' class='test-started-time label green lighten-1 text-white'>2017-08-22 16:14:51</span>
													<span title='Test ended time' alt='Test ended time' class='test-ended-time label red lighten-1 text-white'>2017-08-22 16:14:51</span>
													<span title='Time taken to finish' alt='Time taken to finish' class='test-time-taken label blue-grey lighten-3 text-white'>0h 0m 0s+0ms</span>
												</div>
												<div class='test-desc'></div>
												<div class='test-attributes'>
												</div>
												<div class='test-steps'>
													<table class='bordered table-results'>
														<thead>
															<tr>
																<th>Status</th>
																<th>Timestamp</th>
																<th>Details</th>
															</tr>
														</thead>
														<tbody>
																<tr>
																	<td class='status skip' title='skip' alt='skip'><i class='mdi-content-redo'></i></td>
																	<td class='timestamp'>16:14:51</td>
																	<td class='step-details'>This test case is skipped</td>
																</tr>
																<tr>
																	<td class='status skip' title='skip' alt='skip'><i class='mdi-content-redo'></i></td>
																	<td class='timestamp'>16:14:52</td>
																	<td class='step-details'>Test Case Skipped is wpregistrationtest</td>
																</tr>
														</tbody>
													</table>
													<ul class='collapsible node-list' data-collapsible='accordion'>
													</ul>
												</div>
											</div>
										</li>
										<li class='collection-item test displayed active skip ' extentid='eca78df8-ee86-4a2f-ad32-19846463f747'>
											<div class='test-head'>
												<span class='test-name'>Starting user registration </span>
												<span class='test-status label right outline capitalize skip'>skip</span>
												<span class='category-assigned hide '></span>
											</div>
											<div class='test-body'>
												<div class='test-info'>
													<span title='Test started time' alt='Test started time' class='test-started-time label green lighten-1 text-white'>2017-08-22 16:14:52</span>
													<span title='Test ended time' alt='Test ended time' class='test-ended-time label red lighten-1 text-white'>2017-08-22 16:14:52</span>
													<span title='Time taken to finish' alt='Time taken to finish' class='test-time-taken label blue-grey lighten-3 text-white'>0h 0m 0s+0ms</span>
												</div>
												<div class='test-desc'></div>
												<div class='test-attributes'>
												</div>
												<div class='test-steps'>
													<table class='bordered table-results'>
														<thead>
															<tr>
																<th>Status</th>
																<th>Timestamp</th>
																<th>Details</th>
															</tr>
														</thead>
														<tbody>
																<tr>
																	<td class='status skip' title='skip' alt='skip'><i class='mdi-content-redo'></i></td>
																	<td class='timestamp'>16:14:52</td>
																	<td class='step-details'>This test case is skipped</td>
																</tr>
																<tr>
																	<td class='status skip' title='skip' alt='skip'><i class='mdi-content-redo'></i></td>
																	<td class='timestamp'>16:14:52</td>
																	<td class='step-details'>Test Case Skipped is wpregistrationtest</td>
																</tr>
														</tbody>
													</table>
													<ul class='collapsible node-list' data-collapsible='accordion'>
													</ul>
												</div>
											</div>
										</li>
										<li class='collection-item test displayed active skip ' extentid='6de74539-ac6c-4304-9a93-baf9ce11337d'>
											<div class='test-head'>
												<span class='test-name'>Starting user registration </span>
												<span class='test-status label right outline capitalize skip'>skip</span>
												<span class='category-assigned hide '></span>
											</div>
											<div class='test-body'>
												<div class='test-info'>
													<span title='Test started time' alt='Test started time' class='test-started-time label green lighten-1 text-white'>2017-08-22 16:14:52</span>
													<span title='Test ended time' alt='Test ended time' class='test-ended-time label red lighten-1 text-white'>2017-08-22 16:14:52</span>
													<span title='Time taken to finish' alt='Time taken to finish' class='test-time-taken label blue-grey lighten-3 text-white'>0h 0m 0s+0ms</span>
												</div>
												<div class='test-desc'></div>
												<div class='test-attributes'>
												</div>
												<div class='test-steps'>
													<table class='bordered table-results'>
														<thead>
															<tr>
																<th>Status</th>
																<th>Timestamp</th>
																<th>Details</th>
															</tr>
														</thead>
														<tbody>
																<tr>
																	<td class='status skip' title='skip' alt='skip'><i class='mdi-content-redo'></i></td>
																	<td class='timestamp'>16:14:52</td>
																	<td class='step-details'>This test case is skipped</td>
																</tr>
																<tr>
																	<td class='status skip' title='skip' alt='skip'><i class='mdi-content-redo'></i></td>
																	<td class='timestamp'>16:14:52</td>
																	<td class='step-details'>Test Case Skipped is wpregistrationtest</td>
																</tr>
														</tbody>
													</table>
													<ul class='collapsible node-list' data-collapsible='accordion'>
													</ul>
												</div>
											</div>
										</li>
										<li class='collection-item test displayed active skip ' extentid='845ca75a-b89a-46f3-8dd5-5e762554ecf5'>
											<div class='test-head'>
												<span class='test-name'>Starting user registration </span>
												<span class='test-status label right outline capitalize skip'>skip</span>
												<span class='category-assigned hide '></span>
											</div>
											<div class='test-body'>
												<div class='test-info'>
													<span title='Test started time' alt='Test started time' class='test-started-time label green lighten-1 text-white'>2017-08-22 16:14:52</span>
													<span title='Test ended time' alt='Test ended time' class='test-ended-time label red lighten-1 text-white'>2017-08-22 16:14:52</span>
													<span title='Time taken to finish' alt='Time taken to finish' class='test-time-taken label blue-grey lighten-3 text-white'>0h 0m 0s+1ms</span>
												</div>
												<div class='test-desc'></div>
												<div class='test-attributes'>
												</div>
												<div class='test-steps'>
													<table class='bordered table-results'>
														<thead>
															<tr>
																<th>Status</th>
																<th>Timestamp</th>
																<th>Details</th>
															</tr>
														</thead>
														<tbody>
																<tr>
																	<td class='status skip' title='skip' alt='skip'><i class='mdi-content-redo'></i></td>
																	<td class='timestamp'>16:14:52</td>
																	<td class='step-details'>This test case is skipped</td>
																</tr>
																<tr>
																	<td class='status skip' title='skip' alt='skip'><i class='mdi-content-redo'></i></td>
																	<td class='timestamp'>16:14:52</td>
																	<td class='step-details'>Test Case Skipped is wpregistrationtest</td>
																</tr>
														</tbody>
													</table>
													<ul class='collapsible node-list' data-collapsible='accordion'>
													</ul>
												</div>
											</div>
										</li>
										<li class='collection-item test displayed active fatal ' extentid='194cb541-ee4b-42a2-aeed-8cb153f9d27b'>
											<div class='test-head'>
												<span class='test-name'>Starting user registration </span>
												<span class='test-status label right outline capitalize fatal'>fatal</span>
												<span class='category-assigned hide '></span>
											</div>
											<div class='test-body'>
												<div class='test-info'>
													<span title='Test started time' alt='Test started time' class='test-started-time label green lighten-1 text-white'>2017-08-22 16:14:52</span>
													<span title='Test ended time' alt='Test ended time' class='test-ended-time label red lighten-1 text-white'>2017-08-22 16:16:33</span>
													<span title='Time taken to finish' alt='Time taken to finish' class='test-time-taken label blue-grey lighten-3 text-white'>0h 1m 40s+705ms</span>
												</div>
												<div class='test-desc'></div>
												<div class='test-attributes'>
												</div>
												<div class='test-steps'>
													<table class='bordered table-results'>
														<thead>
															<tr>
																<th>Status</th>
																<th>Timestamp</th>
																	<th>StepName</th>
																<th>Details</th>
															</tr>
														</thead>
														<tbody>
																<tr>
																	<td class='status pass' title='pass' alt='pass'><i class='mdi-action-check-circle'></i></td>
																	<td class='timestamp'>16:15:16</td>
																		<td class='step-name'>Step: Click on province button.</td>
																	<td class='step-details'>Required Element found.</td>
																</tr>
																<tr>
																	<td class='status info' title='info' alt='info'><i class='mdi-action-info-outline'></i></td>
																	<td class='timestamp'>16:15:17</td>
																	<td class='step-details'>Snapshot for Passed step is given below [Click it for full view]: <a href='E:\Seleniumdata\Bankeroo\hmAutomation/extentreports/screenshots/WPRegistrationTest_2017_08_22_16_15_17_52e56388-87c3-40cf-821c-876d99211a56.png' data-featherlight='image'><img class='report-img' src='file:///E:\Seleniumdata\Bankeroo\hmAutomation/extentreports/screenshots/WPRegistrationTest_2017_08_22_16_15_17_52e56388-87c3-40cf-821c-876d99211a56.png' /></a></td>
																</tr>
																<tr>
																	<td class='status pass' title='pass' alt='pass'><i class='mdi-action-check-circle'></i></td>
																	<td class='timestamp'>16:15:17</td>
																		<td class='step-name'>Step: Select ontario.</td>
																	<td class='step-details'>Required Element found.</td>
																</tr>
																<tr>
																	<td class='status info' title='info' alt='info'><i class='mdi-action-info-outline'></i></td>
																	<td class='timestamp'>16:15:18</td>
																	<td class='step-details'>Snapshot for Passed step is given below [Click it for full view]: <a href='E:\Seleniumdata\Bankeroo\hmAutomation/extentreports/screenshots/WPRegistrationTest_2017_08_22_16_15_18_cd8bfb83-c406-486f-977f-6db980ccadc7.png' data-featherlight='image'><img class='report-img' src='file:///E:\Seleniumdata\Bankeroo\hmAutomation/extentreports/screenshots/WPRegistrationTest_2017_08_22_16_15_18_cd8bfb83-c406-486f-977f-6db980ccadc7.png' /></a></td>
																</tr>
																<tr>
																	<td class='status pass' title='pass' alt='pass'><i class='mdi-action-check-circle'></i></td>
																	<td class='timestamp'>16:15:19</td>
																		<td class='step-name'>Step: Click on I Agree.</td>
																	<td class='step-details'>Required Element found.</td>
																</tr>
																<tr>
																	<td class='status info' title='info' alt='info'><i class='mdi-action-info-outline'></i></td>
																	<td class='timestamp'>16:15:20</td>
																	<td class='step-details'>Snapshot for Passed step is given below [Click it for full view]: <a href='E:\Seleniumdata\Bankeroo\hmAutomation/extentreports/screenshots/WPRegistrationTest_2017_08_22_16_15_20_fb49e1f3-b243-488b-a979-b99531bc5d7a.png' data-featherlight='image'><img class='report-img' src='file:///E:\Seleniumdata\Bankeroo\hmAutomation/extentreports/screenshots/WPRegistrationTest_2017_08_22_16_15_20_fb49e1f3-b243-488b-a979-b99531bc5d7a.png' /></a></td>
																</tr>
																<tr>
																	<td class='status pass' title='pass' alt='pass'><i class='mdi-action-check-circle'></i></td>
																	<td class='timestamp'>16:15:22</td>
																		<td class='step-name'>Step: Start your Application button.</td>
																	<td class='step-details'>Required Element found.</td>
																</tr>
																<tr>
																	<td class='status info' title='info' alt='info'><i class='mdi-action-info-outline'></i></td>
																	<td class='timestamp'>16:15:23</td>
																	<td class='step-details'>Snapshot for Passed step is given below [Click it for full view]: <a href='E:\Seleniumdata\Bankeroo\hmAutomation/extentreports/screenshots/WPRegistrationTest_2017_08_22_16_15_23_a8538e73-ea40-4617-8568-df54563b85a3.png' data-featherlight='image'><img class='report-img' src='file:///E:\Seleniumdata\Bankeroo\hmAutomation/extentreports/screenshots/WPRegistrationTest_2017_08_22_16_15_23_a8538e73-ea40-4617-8568-df54563b85a3.png' /></a></td>
																</tr>
																<tr>
																	<td class='status pass' title='pass' alt='pass'><i class='mdi-action-check-circle'></i></td>
																	<td class='timestamp'>16:15:25</td>
																		<td class='step-name'>Step: Select 1st Yes option.</td>
																	<td class='step-details'>Required Element found.</td>
																</tr>
																<tr>
																	<td class='status info' title='info' alt='info'><i class='mdi-action-info-outline'></i></td>
																	<td class='timestamp'>16:15:26</td>
																	<td class='step-details'>Snapshot for Passed step is given below [Click it for full view]: <a href='E:\Seleniumdata\Bankeroo\hmAutomation/extentreports/screenshots/WPRegistrationTest_2017_08_22_16_15_26_7019f7bd-ef90-4936-baf2-0685eba5ef53.png' data-featherlight='image'><img class='report-img' src='file:///E:\Seleniumdata\Bankeroo\hmAutomation/extentreports/screenshots/WPRegistrationTest_2017_08_22_16_15_26_7019f7bd-ef90-4936-baf2-0685eba5ef53.png' /></a></td>
																</tr>
																<tr>
																	<td class='status pass' title='pass' alt='pass'><i class='mdi-action-check-circle'></i></td>
																	<td class='timestamp'>16:15:26</td>
																		<td class='step-name'>Step: Select 2st Yes option.</td>
																	<td class='step-details'>Required Element found.</td>
																</tr>
																<tr>
																	<td class='status info' title='info' alt='info'><i class='mdi-action-info-outline'></i></td>
																	<td class='timestamp'>16:15:26</td>
																	<td class='step-details'>Snapshot for Passed step is given below [Click it for full view]: <a href='E:\Seleniumdata\Bankeroo\hmAutomation/extentreports/screenshots/WPRegistrationTest_2017_08_22_16_15_26_2ada97e2-b1e7-4a22-a34b-955538f9f0e2.png' data-featherlight='image'><img class='report-img' src='file:///E:\Seleniumdata\Bankeroo\hmAutomation/extentreports/screenshots/WPRegistrationTest_2017_08_22_16_15_26_2ada97e2-b1e7-4a22-a34b-955538f9f0e2.png' /></a></td>
																</tr>
																<tr>
																	<td class='status pass' title='pass' alt='pass'><i class='mdi-action-check-circle'></i></td>
																	<td class='timestamp'>16:15:27</td>
																		<td class='step-name'>Step: Select 3st Yes option.</td>
																	<td class='step-details'>Required Element found.</td>
																</tr>
																<tr>
																	<td class='status info' title='info' alt='info'><i class='mdi-action-info-outline'></i></td>
																	<td class='timestamp'>16:15:27</td>
																	<td class='step-details'>Snapshot for Passed step is given below [Click it for full view]: <a href='E:\Seleniumdata\Bankeroo\hmAutomation/extentreports/screenshots/WPRegistrationTest_2017_08_22_16_15_27_aa60b72f-fa40-4c6b-a40f-6bedcca8e267.png' data-featherlight='image'><img class='report-img' src='file:///E:\Seleniumdata\Bankeroo\hmAutomation/extentreports/screenshots/WPRegistrationTest_2017_08_22_16_15_27_aa60b72f-fa40-4c6b-a40f-6bedcca8e267.png' /></a></td>
																</tr>
																<tr>
																	<td class='status pass' title='pass' alt='pass'><i class='mdi-action-check-circle'></i></td>
																	<td class='timestamp'>16:15:27</td>
																		<td class='step-name'>Step: Select 4st Yes option.</td>
																	<td class='step-details'>Required Element found.</td>
																</tr>
																<tr>
																	<td class='status info' title='info' alt='info'><i class='mdi-action-info-outline'></i></td>
																	<td class='timestamp'>16:15:28</td>
																	<td class='step-details'>Snapshot for Passed step is given below [Click it for full view]: <a href='E:\Seleniumdata\Bankeroo\hmAutomation/extentreports/screenshots/WPRegistrationTest_2017_08_22_16_15_28_4401c421-a4f0-41df-a89d-42da73742dc6.png' data-featherlight='image'><img class='report-img' src='file:///E:\Seleniumdata\Bankeroo\hmAutomation/extentreports/screenshots/WPRegistrationTest_2017_08_22_16_15_28_4401c421-a4f0-41df-a89d-42da73742dc6.png' /></a></td>
																</tr>
																<tr>
																	<td class='status pass' title='pass' alt='pass'><i class='mdi-action-check-circle'></i></td>
																	<td class='timestamp'>16:15:28</td>
																		<td class='step-name'>Step: Select 5st Yes option.</td>
																	<td class='step-details'>Required Element found.</td>
																</tr>
																<tr>
																	<td class='status info' title='info' alt='info'><i class='mdi-action-info-outline'></i></td>
																	<td class='timestamp'>16:15:28</td>
																	<td class='step-details'>Snapshot for Passed step is given below [Click it for full view]: <a href='E:\Seleniumdata\Bankeroo\hmAutomation/extentreports/screenshots/WPRegistrationTest_2017_08_22_16_15_28_4edd4aa8-bb6e-45a1-98f7-3d686bc0062f.png' data-featherlight='image'><img class='report-img' src='file:///E:\Seleniumdata\Bankeroo\hmAutomation/extentreports/screenshots/WPRegistrationTest_2017_08_22_16_15_28_4edd4aa8-bb6e-45a1-98f7-3d686bc0062f.png' /></a></td>
																</tr>
																<tr>
																	<td class='status pass' title='pass' alt='pass'><i class='mdi-action-check-circle'></i></td>
																	<td class='timestamp'>16:15:28</td>
																		<td class='step-name'>Step: Click On continue button On Quick Check.</td>
																	<td class='step-details'>Required Element found.</td>
																</tr>
																<tr>
																	<td class='status info' title='info' alt='info'><i class='mdi-action-info-outline'></i></td>
																	<td class='timestamp'>16:15:29</td>
																	<td class='step-details'>Snapshot for Passed step is given below [Click it for full view]: <a href='E:\Seleniumdata\Bankeroo\hmAutomation/extentreports/screenshots/WPRegistrationTest_2017_08_22_16_15_29_7f4c275b-b47a-44f5-abc4-ce8c9db9121c.png' data-featherlight='image'><img class='report-img' src='file:///E:\Seleniumdata\Bankeroo\hmAutomation/extentreports/screenshots/WPRegistrationTest_2017_08_22_16_15_29_7f4c275b-b47a-44f5-abc4-ce8c9db9121c.png' /></a></td>
																</tr>
																<tr>
																	<td class='status pass' title='pass' alt='pass'><i class='mdi-action-check-circle'></i></td>
																	<td class='timestamp'>16:15:30</td>
																		<td class='step-name'>Step: Click on Title.</td>
																	<td class='step-details'>Required Element found.</td>
																</tr>
																<tr>
																	<td class='status info' title='info' alt='info'><i class='mdi-action-info-outline'></i></td>
																	<td class='timestamp'>16:15:30</td>
																	<td class='step-details'>Snapshot for Passed step is given below [Click it for full view]: <a href='E:\Seleniumdata\Bankeroo\hmAutomation/extentreports/screenshots/WPRegistrationTest_2017_08_22_16_15_30_86a56915-4bab-47f5-9a84-762a0dd9774f.png' data-featherlight='image'><img class='report-img' src='file:///E:\Seleniumdata\Bankeroo\hmAutomation/extentreports/screenshots/WPRegistrationTest_2017_08_22_16_15_30_86a56915-4bab-47f5-9a84-762a0dd9774f.png' /></a></td>
																</tr>
																<tr>
																	<td class='status pass' title='pass' alt='pass'><i class='mdi-action-check-circle'></i></td>
																	<td class='timestamp'>16:15:31</td>
																		<td class='step-name'>Step: Select Mr. option.</td>
																	<td class='step-details'>Required Element found.</td>
																</tr>
																<tr>
																	<td class='status info' title='info' alt='info'><i class='mdi-action-info-outline'></i></td>
																	<td class='timestamp'>16:15:31</td>
																	<td class='step-details'>Snapshot for Passed step is given below [Click it for full view]: <a href='E:\Seleniumdata\Bankeroo\hmAutomation/extentreports/screenshots/WPRegistrationTest_2017_08_22_16_15_31_744f133a-9c74-43c5-b681-53fb117680f4.png' data-featherlight='image'><img class='report-img' src='file:///E:\Seleniumdata\Bankeroo\hmAutomation/extentreports/screenshots/WPRegistrationTest_2017_08_22_16_15_31_744f133a-9c74-43c5-b681-53fb117680f4.png' /></a></td>
																</tr>
																<tr>
																	<td class='status pass' title='pass' alt='pass'><i class='mdi-action-check-circle'></i></td>
																	<td class='timestamp'>16:15:31</td>
																		<td class='step-name'>Step: Enter First Name.</td>
																	<td class='step-details'>Required Element found.</td>
																</tr>
																<tr>
																	<td class='status info' title='info' alt='info'><i class='mdi-action-info-outline'></i></td>
																	<td class='timestamp'>16:15:32</td>
																	<td class='step-details'>Snapshot for Passed step is given below [Click it for full view]: <a href='E:\Seleniumdata\Bankeroo\hmAutomation/extentreports/screenshots/WPRegistrationTest_2017_08_22_16_15_32_307c279f-7058-44bc-afc3-6e8834013ec4.png' data-featherlight='image'><img class='report-img' src='file:///E:\Seleniumdata\Bankeroo\hmAutomation/extentreports/screenshots/WPRegistrationTest_2017_08_22_16_15_32_307c279f-7058-44bc-afc3-6e8834013ec4.png' /></a></td>
																</tr>
																<tr>
																	<td class='status pass' title='pass' alt='pass'><i class='mdi-action-check-circle'></i></td>
																	<td class='timestamp'>16:15:32</td>
																		<td class='step-name'>Step: Enter Last Name.</td>
																	<td class='step-details'>Required Element found.</td>
																</tr>
																<tr>
																	<td class='status info' title='info' alt='info'><i class='mdi-action-info-outline'></i></td>
																	<td class='timestamp'>16:15:32</td>
																	<td class='step-details'>Snapshot for Passed step is given below [Click it for full view]: <a href='E:\Seleniumdata\Bankeroo\hmAutomation/extentreports/screenshots/WPRegistrationTest_2017_08_22_16_15_32_345e322f-af90-41f8-ae69-036501d7d5a5.png' data-featherlight='image'><img class='report-img' src='file:///E:\Seleniumdata\Bankeroo\hmAutomation/extentreports/screenshots/WPRegistrationTest_2017_08_22_16_15_32_345e322f-af90-41f8-ae69-036501d7d5a5.png' /></a></td>
																</tr>
																<tr>
																	<td class='status pass' title='pass' alt='pass'><i class='mdi-action-check-circle'></i></td>
																	<td class='timestamp'>16:15:33</td>
																		<td class='step-name'>Step: Enter DOB.</td>
																	<td class='step-details'>Required Element found.</td>
																</tr>
																<tr>
																	<td class='status info' title='info' alt='info'><i class='mdi-action-info-outline'></i></td>
																	<td class='timestamp'>16:15:33</td>
																	<td class='step-details'>Snapshot for Passed step is given below [Click it for full view]: <a href='E:\Seleniumdata\Bankeroo\hmAutomation/extentreports/screenshots/WPRegistrationTest_2017_08_22_16_15_33_41b7f2b5-bc66-4afd-9beb-e17d7c3b3e37.png' data-featherlight='image'><img class='report-img' src='file:///E:\Seleniumdata\Bankeroo\hmAutomation/extentreports/screenshots/WPRegistrationTest_2017_08_22_16_15_33_41b7f2b5-bc66-4afd-9beb-e17d7c3b3e37.png' /></a></td>
																</tr>
																<tr>
																	<td class='status pass' title='pass' alt='pass'><i class='mdi-action-check-circle'></i></td>
																	<td class='timestamp'>16:15:33</td>
																		<td class='step-name'>Step: Enter SIN.</td>
																	<td class='step-details'>Required Element found.</td>
																</tr>
																<tr>
																	<td class='status info' title='info' alt='info'><i class='mdi-action-info-outline'></i></td>
																	<td class='timestamp'>16:15:34</td>
																	<td class='step-details'>Snapshot for Passed step is given below [Click it for full view]: <a href='E:\Seleniumdata\Bankeroo\hmAutomation/extentreports/screenshots/WPRegistrationTest_2017_08_22_16_15_34_42f5ccd6-a96c-4e05-b6e2-9c0862275a37.png' data-featherlight='image'><img class='report-img' src='file:///E:\Seleniumdata\Bankeroo\hmAutomation/extentreports/screenshots/WPRegistrationTest_2017_08_22_16_15_34_42f5ccd6-a96c-4e05-b6e2-9c0862275a37.png' /></a></td>
																</tr>
																<tr>
																	<td class='status pass' title='pass' alt='pass'><i class='mdi-action-check-circle'></i></td>
																	<td class='timestamp'>16:15:34</td>
																		<td class='step-name'>Step: Click on Marital Status.</td>
																	<td class='step-details'>Required Element found.</td>
																</tr>
																<tr>
																	<td class='status info' title='info' alt='info'><i class='mdi-action-info-outline'></i></td>
																	<td class='timestamp'>16:15:34</td>
																	<td class='step-details'>Snapshot for Passed step is given below [Click it for full view]: <a href='E:\Seleniumdata\Bankeroo\hmAutomation/extentreports/screenshots/WPRegistrationTest_2017_08_22_16_15_34_076cc274-9108-4377-ad3a-81847dd2d5fb.png' data-featherlight='image'><img class='report-img' src='file:///E:\Seleniumdata\Bankeroo\hmAutomation/extentreports/screenshots/WPRegistrationTest_2017_08_22_16_15_34_076cc274-9108-4377-ad3a-81847dd2d5fb.png' /></a></td>
																</tr>
																<tr>
																	<td class='status pass' title='pass' alt='pass'><i class='mdi-action-check-circle'></i></td>
																	<td class='timestamp'>16:15:34</td>
																		<td class='step-name'>Step: Select Widowed.</td>
																	<td class='step-details'>Required Element found.</td>
																</tr>
																<tr>
																	<td class='status info' title='info' alt='info'><i class='mdi-action-info-outline'></i></td>
																	<td class='timestamp'>16:15:35</td>
																	<td class='step-details'>Snapshot for Passed step is given below [Click it for full view]: <a href='E:\Seleniumdata\Bankeroo\hmAutomation/extentreports/screenshots/WPRegistrationTest_2017_08_22_16_15_35_8f4ae97c-4e0c-402d-bb3a-a89ad35b89af.png' data-featherlight='image'><img class='report-img' src='file:///E:\Seleniumdata\Bankeroo\hmAutomation/extentreports/screenshots/WPRegistrationTest_2017_08_22_16_15_35_8f4ae97c-4e0c-402d-bb3a-a89ad35b89af.png' /></a></td>
																</tr>
																<tr>
																	<td class='status pass' title='pass' alt='pass'><i class='mdi-action-check-circle'></i></td>
																	<td class='timestamp'>16:15:35</td>
																		<td class='step-name'>Step: Click on Number of dependents.</td>
																	<td class='step-details'>Required Element found.</td>
																</tr>
																<tr>
																	<td class='status info' title='info' alt='info'><i class='mdi-action-info-outline'></i></td>
																	<td class='timestamp'>16:15:35</td>
																	<td class='step-details'>Snapshot for Passed step is given below [Click it for full view]: <a href='E:\Seleniumdata\Bankeroo\hmAutomation/extentreports/screenshots/WPRegistrationTest_2017_08_22_16_15_35_2af599ea-9154-4391-8a0a-4902cb9c9fcb.png' data-featherlight='image'><img class='report-img' src='file:///E:\Seleniumdata\Bankeroo\hmAutomation/extentreports/screenshots/WPRegistrationTest_2017_08_22_16_15_35_2af599ea-9154-4391-8a0a-4902cb9c9fcb.png' /></a></td>
																</tr>
																<tr>
																	<td class='status pass' title='pass' alt='pass'><i class='mdi-action-check-circle'></i></td>
																	<td class='timestamp'>16:15:36</td>
																		<td class='step-name'>Step: Select 3.</td>
																	<td class='step-details'>Required Element found.</td>
																</tr>
																<tr>
																	<td class='status info' title='info' alt='info'><i class='mdi-action-info-outline'></i></td>
																	<td class='timestamp'>16:15:36</td>
																	<td class='step-details'>Snapshot for Passed step is given below [Click it for full view]: <a href='E:\Seleniumdata\Bankeroo\hmAutomation/extentreports/screenshots/WPRegistrationTest_2017_08_22_16_15_36_e5538d51-a872-4cd6-aabd-fa4c121bc500.png' data-featherlight='image'><img class='report-img' src='file:///E:\Seleniumdata\Bankeroo\hmAutomation/extentreports/screenshots/WPRegistrationTest_2017_08_22_16_15_36_e5538d51-a872-4cd6-aabd-fa4c121bc500.png' /></a></td>
																</tr>
																<tr>
																	<td class='status pass' title='pass' alt='pass'><i class='mdi-action-check-circle'></i></td>
																	<td class='timestamp'>16:15:36</td>
																		<td class='step-name'>Step: Enter Mobile Phone Number.</td>
																	<td class='step-details'>Required Element found.</td>
																</tr>
																<tr>
																	<td class='status info' title='info' alt='info'><i class='mdi-action-info-outline'></i></td>
																	<td class='timestamp'>16:15:37</td>
																	<td class='step-details'>Snapshot for Passed step is given below [Click it for full view]: <a href='E:\Seleniumdata\Bankeroo\hmAutomation/extentreports/screenshots/WPRegistrationTest_2017_08_22_16_15_37_7a95aa6e-d6f0-4854-95c6-eccbf2cb9ecc.png' data-featherlight='image'><img class='report-img' src='file:///E:\Seleniumdata\Bankeroo\hmAutomation/extentreports/screenshots/WPRegistrationTest_2017_08_22_16_15_37_7a95aa6e-d6f0-4854-95c6-eccbf2cb9ecc.png' /></a></td>
																</tr>
																<tr>
																	<td class='status pass' title='pass' alt='pass'><i class='mdi-action-check-circle'></i></td>
																	<td class='timestamp'>16:15:37</td>
																		<td class='step-name'>Step: Enter Home phone number.</td>
																	<td class='step-details'>Required Element found.</td>
																</tr>
																<tr>
																	<td class='status info' title='info' alt='info'><i class='mdi-action-info-outline'></i></td>
																	<td class='timestamp'>16:15:37</td>
																	<td class='step-details'>Snapshot for Passed step is given below [Click it for full view]: <a href='E:\Seleniumdata\Bankeroo\hmAutomation/extentreports/screenshots/WPRegistrationTest_2017_08_22_16_15_37_e50c6692-841d-4ab6-9b02-ca74e52e8084.png' data-featherlight='image'><img class='report-img' src='file:///E:\Seleniumdata\Bankeroo\hmAutomation/extentreports/screenshots/WPRegistrationTest_2017_08_22_16_15_37_e50c6692-841d-4ab6-9b02-ca74e52e8084.png' /></a></td>
																</tr>
																<tr>
																	<td class='status pass' title='pass' alt='pass'><i class='mdi-action-check-circle'></i></td>
																	<td class='timestamp'>16:15:48</td>
																		<td class='step-name'>Step: Enter Email.</td>
																	<td class='step-details'>Required Element found.</td>
																</tr>
																<tr>
																	<td class='status info' title='info' alt='info'><i class='mdi-action-info-outline'></i></td>
																	<td class='timestamp'>16:15:48</td>
																	<td class='step-details'>Snapshot for Passed step is given below [Click it for full view]: <a href='E:\Seleniumdata\Bankeroo\hmAutomation/extentreports/screenshots/WPRegistrationTest_2017_08_22_16_15_48_b734bc95-9043-464f-858c-971a25a11899.png' data-featherlight='image'><img class='report-img' src='file:///E:\Seleniumdata\Bankeroo\hmAutomation/extentreports/screenshots/WPRegistrationTest_2017_08_22_16_15_48_b734bc95-9043-464f-858c-971a25a11899.png' /></a></td>
																</tr>
																<tr>
																	<td class='status pass' title='pass' alt='pass'><i class='mdi-action-check-circle'></i></td>
																	<td class='timestamp'>16:15:49</td>
																		<td class='step-name'>Step: Enter Reconfirm email.</td>
																	<td class='step-details'>Required Element found.</td>
																</tr>
																<tr>
																	<td class='status info' title='info' alt='info'><i class='mdi-action-info-outline'></i></td>
																	<td class='timestamp'>16:15:49</td>
																	<td class='step-details'>Snapshot for Passed step is given below [Click it for full view]: <a href='E:\Seleniumdata\Bankeroo\hmAutomation/extentreports/screenshots/WPRegistrationTest_2017_08_22_16_15_49_403bd113-550f-4b18-b509-ac88c6672920.png' data-featherlight='image'><img class='report-img' src='file:///E:\Seleniumdata\Bankeroo\hmAutomation/extentreports/screenshots/WPRegistrationTest_2017_08_22_16_15_49_403bd113-550f-4b18-b509-ac88c6672920.png' /></a></td>
																</tr>
																<tr>
																	<td class='status pass' title='pass' alt='pass'><i class='mdi-action-check-circle'></i></td>
																	<td class='timestamp'>16:15:50</td>
																		<td class='step-name'>Step: Click on Reason for loan.</td>
																	<td class='step-details'>Required Element found.</td>
																</tr>
																<tr>
																	<td class='status info' title='info' alt='info'><i class='mdi-action-info-outline'></i></td>
																	<td class='timestamp'>16:15:50</td>
																	<td class='step-details'>Snapshot for Passed step is given below [Click it for full view]: <a href='E:\Seleniumdata\Bankeroo\hmAutomation/extentreports/screenshots/WPRegistrationTest_2017_08_22_16_15_50_a04197ab-c990-4fb7-aeee-b43b13fb3f9d.png' data-featherlight='image'><img class='report-img' src='file:///E:\Seleniumdata\Bankeroo\hmAutomation/extentreports/screenshots/WPRegistrationTest_2017_08_22_16_15_50_a04197ab-c990-4fb7-aeee-b43b13fb3f9d.png' /></a></td>
																</tr>
																<tr>
																	<td class='status pass' title='pass' alt='pass'><i class='mdi-action-check-circle'></i></td>
																	<td class='timestamp'>16:15:50</td>
																		<td class='step-name'>Step: Select .</td>
																	<td class='step-details'>Required Element found.</td>
																</tr>
																<tr>
																	<td class='status info' title='info' alt='info'><i class='mdi-action-info-outline'></i></td>
																	<td class='timestamp'>16:15:50</td>
																	<td class='step-details'>Snapshot for Passed step is given below [Click it for full view]: <a href='E:\Seleniumdata\Bankeroo\hmAutomation/extentreports/screenshots/WPRegistrationTest_2017_08_22_16_15_50_58f241b1-e13c-438d-9e1a-89d27e2b085b.png' data-featherlight='image'><img class='report-img' src='file:///E:\Seleniumdata\Bankeroo\hmAutomation/extentreports/screenshots/WPRegistrationTest_2017_08_22_16_15_50_58f241b1-e13c-438d-9e1a-89d27e2b085b.png' /></a></td>
																</tr>
																<tr>
																	<td class='status pass' title='pass' alt='pass'><i class='mdi-action-check-circle'></i></td>
																	<td class='timestamp'>16:15:51</td>
																		<td class='step-name'>Step: Click on Highest level of education.</td>
																	<td class='step-details'>Required Element found.</td>
																</tr>
																<tr>
																	<td class='status info' title='info' alt='info'><i class='mdi-action-info-outline'></i></td>
																	<td class='timestamp'>16:15:51</td>
																	<td class='step-details'>Snapshot for Passed step is given below [Click it for full view]: <a href='E:\Seleniumdata\Bankeroo\hmAutomation/extentreports/screenshots/WPRegistrationTest_2017_08_22_16_15_51_a734a53d-ddc3-448b-81b4-573b63a3b09a.png' data-featherlight='image'><img class='report-img' src='file:///E:\Seleniumdata\Bankeroo\hmAutomation/extentreports/screenshots/WPRegistrationTest_2017_08_22_16_15_51_a734a53d-ddc3-448b-81b4-573b63a3b09a.png' /></a></td>
																</tr>
																<tr>
																	<td class='status pass' title='pass' alt='pass'><i class='mdi-action-check-circle'></i></td>
																	<td class='timestamp'>16:15:51</td>
																		<td class='step-name'>Step: Select .</td>
																	<td class='step-details'>Required Element found.</td>
																</tr>
																<tr>
																	<td class='status info' title='info' alt='info'><i class='mdi-action-info-outline'></i></td>
																	<td class='timestamp'>16:15:52</td>
																	<td class='step-details'>Snapshot for Passed step is given below [Click it for full view]: <a href='E:\Seleniumdata\Bankeroo\hmAutomation/extentreports/screenshots/WPRegistrationTest_2017_08_22_16_15_52_6874981b-8094-4391-ad7b-c83ae2135634.png' data-featherlight='image'><img class='report-img' src='file:///E:\Seleniumdata\Bankeroo\hmAutomation/extentreports/screenshots/WPRegistrationTest_2017_08_22_16_15_52_6874981b-8094-4391-ad7b-c83ae2135634.png' /></a></td>
																</tr>
																<tr>
																	<td class='status pass' title='pass' alt='pass'><i class='mdi-action-check-circle'></i></td>
																	<td class='timestamp'>16:15:52</td>
																		<td class='step-name'>Step: Click on Have you failed to repay any loans in the past?.</td>
																	<td class='step-details'>Required Element found.</td>
																</tr>
																<tr>
																	<td class='status info' title='info' alt='info'><i class='mdi-action-info-outline'></i></td>
																	<td class='timestamp'>16:15:52</td>
																	<td class='step-details'>Snapshot for Passed step is given below [Click it for full view]: <a href='E:\Seleniumdata\Bankeroo\hmAutomation/extentreports/screenshots/WPRegistrationTest_2017_08_22_16_15_52_6cfefd37-f7da-4033-88c7-43955c299e32.png' data-featherlight='image'><img class='report-img' src='file:///E:\Seleniumdata\Bankeroo\hmAutomation/extentreports/screenshots/WPRegistrationTest_2017_08_22_16_15_52_6cfefd37-f7da-4033-88c7-43955c299e32.png' /></a></td>
																</tr>
																<tr>
																	<td class='status pass' title='pass' alt='pass'><i class='mdi-action-check-circle'></i></td>
																	<td class='timestamp'>16:15:52</td>
																		<td class='step-name'>Step: Select .</td>
																	<td class='step-details'>Required Element found.</td>
																</tr>
																<tr>
																	<td class='status info' title='info' alt='info'><i class='mdi-action-info-outline'></i></td>
																	<td class='timestamp'>16:15:53</td>
																	<td class='step-details'>Snapshot for Passed step is given below [Click it for full view]: <a href='E:\Seleniumdata\Bankeroo\hmAutomation/extentreports/screenshots/WPRegistrationTest_2017_08_22_16_15_53_a37eb6fc-3249-484e-8eab-41599ad11d66.png' data-featherlight='image'><img class='report-img' src='file:///E:\Seleniumdata\Bankeroo\hmAutomation/extentreports/screenshots/WPRegistrationTest_2017_08_22_16_15_53_a37eb6fc-3249-484e-8eab-41599ad11d66.png' /></a></td>
																</tr>
																<tr>
																	<td class='status pass' title='pass' alt='pass'><i class='mdi-action-check-circle'></i></td>
																	<td class='timestamp'>16:15:53</td>
																		<td class='step-name'>Step: Click on How did you hear about us?.</td>
																	<td class='step-details'>Required Element found.</td>
																</tr>
																<tr>
																	<td class='status info' title='info' alt='info'><i class='mdi-action-info-outline'></i></td>
																	<td class='timestamp'>16:15:53</td>
																	<td class='step-details'>Snapshot for Passed step is given below [Click it for full view]: <a href='E:\Seleniumdata\Bankeroo\hmAutomation/extentreports/screenshots/WPRegistrationTest_2017_08_22_16_15_53_fbf47729-9186-468d-9142-00af58768c54.png' data-featherlight='image'><img class='report-img' src='file:///E:\Seleniumdata\Bankeroo\hmAutomation/extentreports/screenshots/WPRegistrationTest_2017_08_22_16_15_53_fbf47729-9186-468d-9142-00af58768c54.png' /></a></td>
																</tr>
																<tr>
																	<td class='status pass' title='pass' alt='pass'><i class='mdi-action-check-circle'></i></td>
																	<td class='timestamp'>16:15:53</td>
																		<td class='step-name'>Step: Select .</td>
																	<td class='step-details'>Required Element found.</td>
																</tr>
																<tr>
																	<td class='status info' title='info' alt='info'><i class='mdi-action-info-outline'></i></td>
																	<td class='timestamp'>16:15:54</td>
																	<td class='step-details'>Snapshot for Passed step is given below [Click it for full view]: <a href='E:\Seleniumdata\Bankeroo\hmAutomation/extentreports/screenshots/WPRegistrationTest_2017_08_22_16_15_54_d37f1bec-3b92-4713-9ff7-586e713ce00b.png' data-featherlight='image'><img class='report-img' src='file:///E:\Seleniumdata\Bankeroo\hmAutomation/extentreports/screenshots/WPRegistrationTest_2017_08_22_16_15_54_d37f1bec-3b92-4713-9ff7-586e713ce00b.png' /></a></td>
																</tr>
																<tr>
																	<td class='status pass' title='pass' alt='pass'><i class='mdi-action-check-circle'></i></td>
																	<td class='timestamp'>16:15:54</td>
																		<td class='step-name'>Step: Click On continue Button on Personal details Page.</td>
																	<td class='step-details'>Required Element found.</td>
																</tr>
																<tr>
																	<td class='status info' title='info' alt='info'><i class='mdi-action-info-outline'></i></td>
																	<td class='timestamp'>16:15:54</td>
																	<td class='step-details'>Snapshot for Passed step is given below [Click it for full view]: <a href='E:\Seleniumdata\Bankeroo\hmAutomation/extentreports/screenshots/WPRegistrationTest_2017_08_22_16_15_54_858aa378-a01f-403b-87d1-0419c168b0f9.png' data-featherlight='image'><img class='report-img' src='file:///E:\Seleniumdata\Bankeroo\hmAutomation/extentreports/screenshots/WPRegistrationTest_2017_08_22_16_15_54_858aa378-a01f-403b-87d1-0419c168b0f9.png' /></a></td>
																</tr>
																<tr>
																	<td class='status pass' title='pass' alt='pass'><i class='mdi-action-check-circle'></i></td>
																	<td class='timestamp'>16:15:56</td>
																		<td class='step-name'>Step: Click On Home Status.</td>
																	<td class='step-details'>Required Element found.</td>
																</tr>
																<tr>
																	<td class='status info' title='info' alt='info'><i class='mdi-action-info-outline'></i></td>
																	<td class='timestamp'>16:15:56</td>
																	<td class='step-details'>Snapshot for Passed step is given below [Click it for full view]: <a href='E:\Seleniumdata\Bankeroo\hmAutomation/extentreports/screenshots/WPRegistrationTest_2017_08_22_16_15_56_022a8e3c-dc8c-46ee-8546-516a90199c9b.png' data-featherlight='image'><img class='report-img' src='file:///E:\Seleniumdata\Bankeroo\hmAutomation/extentreports/screenshots/WPRegistrationTest_2017_08_22_16_15_56_022a8e3c-dc8c-46ee-8546-516a90199c9b.png' /></a></td>
																</tr>
																<tr>
																	<td class='status pass' title='pass' alt='pass'><i class='mdi-action-check-circle'></i></td>
																	<td class='timestamp'>16:15:56</td>
																		<td class='step-name'>Step: Select Home Status.</td>
																	<td class='step-details'>Required Element found.</td>
																</tr>
																<tr>
																	<td class='status info' title='info' alt='info'><i class='mdi-action-info-outline'></i></td>
																	<td class='timestamp'>16:15:57</td>
																	<td class='step-details'>Snapshot for Passed step is given below [Click it for full view]: <a href='E:\Seleniumdata\Bankeroo\hmAutomation/extentreports/screenshots/WPRegistrationTest_2017_08_22_16_15_57_d9d7d411-e58a-44c1-9c07-2780428e518f.png' data-featherlight='image'><img class='report-img' src='file:///E:\Seleniumdata\Bankeroo\hmAutomation/extentreports/screenshots/WPRegistrationTest_2017_08_22_16_15_57_d9d7d411-e58a-44c1-9c07-2780428e518f.png' /></a></td>
																</tr>
																<tr>
																	<td class='status pass' title='pass' alt='pass'><i class='mdi-action-check-circle'></i></td>
																	<td class='timestamp'>16:15:57</td>
																		<td class='step-name'>Step: Enter Building number.</td>
																	<td class='step-details'>Required Element found.</td>
																</tr>
																<tr>
																	<td class='status info' title='info' alt='info'><i class='mdi-action-info-outline'></i></td>
																	<td class='timestamp'>16:15:57</td>
																	<td class='step-details'>Snapshot for Passed step is given below [Click it for full view]: <a href='E:\Seleniumdata\Bankeroo\hmAutomation/extentreports/screenshots/WPRegistrationTest_2017_08_22_16_15_57_b1c888dd-3cb1-477d-a736-30c8eafa1f68.png' data-featherlight='image'><img class='report-img' src='file:///E:\Seleniumdata\Bankeroo\hmAutomation/extentreports/screenshots/WPRegistrationTest_2017_08_22_16_15_57_b1c888dd-3cb1-477d-a736-30c8eafa1f68.png' /></a></td>
																</tr>
																<tr>
																	<td class='status pass' title='pass' alt='pass'><i class='mdi-action-check-circle'></i></td>
																	<td class='timestamp'>16:15:57</td>
																		<td class='step-name'>Step: Enter Apartment number(if applicable).</td>
																	<td class='step-details'>Required Element found.</td>
																</tr>
																<tr>
																	<td class='status info' title='info' alt='info'><i class='mdi-action-info-outline'></i></td>
																	<td class='timestamp'>16:15:58</td>
																	<td class='step-details'>Snapshot for Passed step is given below [Click it for full view]: <a href='E:\Seleniumdata\Bankeroo\hmAutomation/extentreports/screenshots/WPRegistrationTest_2017_08_22_16_15_58_d2bf6a63-89d0-442a-8630-b25e611ef35e.png' data-featherlight='image'><img class='report-img' src='file:///E:\Seleniumdata\Bankeroo\hmAutomation/extentreports/screenshots/WPRegistrationTest_2017_08_22_16_15_58_d2bf6a63-89d0-442a-8630-b25e611ef35e.png' /></a></td>
																</tr>
																<tr>
																	<td class='status pass' title='pass' alt='pass'><i class='mdi-action-check-circle'></i></td>
																	<td class='timestamp'>16:15:58</td>
																		<td class='step-name'>Step: Enter Street name.</td>
																	<td class='step-details'>Required Element found.</td>
																</tr>
																<tr>
																	<td class='status info' title='info' alt='info'><i class='mdi-action-info-outline'></i></td>
																	<td class='timestamp'>16:15:58</td>
																	<td class='step-details'>Snapshot for Passed step is given below [Click it for full view]: <a href='E:\Seleniumdata\Bankeroo\hmAutomation/extentreports/screenshots/WPRegistrationTest_2017_08_22_16_15_58_9a1ca19a-c7ff-4264-9720-7df6a04cfd78.png' data-featherlight='image'><img class='report-img' src='file:///E:\Seleniumdata\Bankeroo\hmAutomation/extentreports/screenshots/WPRegistrationTest_2017_08_22_16_15_58_9a1ca19a-c7ff-4264-9720-7df6a04cfd78.png' /></a></td>
																</tr>
																<tr>
																	<td class='status pass' title='pass' alt='pass'><i class='mdi-action-check-circle'></i></td>
																	<td class='timestamp'>16:15:59</td>
																		<td class='step-name'>Step: Enter Town/City.</td>
																	<td class='step-details'>Required Element found.</td>
																</tr>
																<tr>
																	<td class='status info' title='info' alt='info'><i class='mdi-action-info-outline'></i></td>
																	<td class='timestamp'>16:15:59</td>
																	<td class='step-details'>Snapshot for Passed step is given below [Click it for full view]: <a href='E:\Seleniumdata\Bankeroo\hmAutomation/extentreports/screenshots/WPRegistrationTest_2017_08_22_16_15_59_4a9ab950-7944-41fd-b067-e06fabda9e3a.png' data-featherlight='image'><img class='report-img' src='file:///E:\Seleniumdata\Bankeroo\hmAutomation/extentreports/screenshots/WPRegistrationTest_2017_08_22_16_15_59_4a9ab950-7944-41fd-b067-e06fabda9e3a.png' /></a></td>
																</tr>
																<tr>
																	<td class='status pass' title='pass' alt='pass'><i class='mdi-action-check-circle'></i></td>
																	<td class='timestamp'>16:15:59</td>
																		<td class='step-name'>Step: Enter Postal code.</td>
																	<td class='step-details'>Required Element found.</td>
																</tr>
																<tr>
																	<td class='status info' title='info' alt='info'><i class='mdi-action-info-outline'></i></td>
																	<td class='timestamp'>16:15:59</td>
																	<td class='step-details'>Snapshot for Passed step is given below [Click it for full view]: <a href='E:\Seleniumdata\Bankeroo\hmAutomation/extentreports/screenshots/WPRegistrationTest_2017_08_22_16_15_59_177294f0-5a91-4ad2-b4d9-05ad24c8f87d.png' data-featherlight='image'><img class='report-img' src='file:///E:\Seleniumdata\Bankeroo\hmAutomation/extentreports/screenshots/WPRegistrationTest_2017_08_22_16_15_59_177294f0-5a91-4ad2-b4d9-05ad24c8f87d.png' /></a></td>
																</tr>
																<tr>
																	<td class='status pass' title='pass' alt='pass'><i class='mdi-action-check-circle'></i></td>
																	<td class='timestamp'>16:16:00</td>
																		<td class='step-name'>Step: CLick On years .</td>
																	<td class='step-details'>Required Element found.</td>
																</tr>
																<tr>
																	<td class='status info' title='info' alt='info'><i class='mdi-action-info-outline'></i></td>
																	<td class='timestamp'>16:16:00</td>
																	<td class='step-details'>Snapshot for Passed step is given below [Click it for full view]: <a href='E:\Seleniumdata\Bankeroo\hmAutomation/extentreports/screenshots/WPRegistrationTest_2017_08_22_16_16_00_544411ff-37db-4e96-9b31-53a68f31ab8a.png' data-featherlight='image'><img class='report-img' src='file:///E:\Seleniumdata\Bankeroo\hmAutomation/extentreports/screenshots/WPRegistrationTest_2017_08_22_16_16_00_544411ff-37db-4e96-9b31-53a68f31ab8a.png' /></a></td>
																</tr>
																<tr>
																	<td class='status pass' title='pass' alt='pass'><i class='mdi-action-check-circle'></i></td>
																	<td class='timestamp'>16:16:00</td>
																		<td class='step-name'>Step: Select Years .</td>
																	<td class='step-details'>Required Element found.</td>
																</tr>
																<tr>
																	<td class='status info' title='info' alt='info'><i class='mdi-action-info-outline'></i></td>
																	<td class='timestamp'>16:16:01</td>
																	<td class='step-details'>Snapshot for Passed step is given below [Click it for full view]: <a href='E:\Seleniumdata\Bankeroo\hmAutomation/extentreports/screenshots/WPRegistrationTest_2017_08_22_16_16_01_83810686-2218-43ae-91b8-a505ad868a81.png' data-featherlight='image'><img class='report-img' src='file:///E:\Seleniumdata\Bankeroo\hmAutomation/extentreports/screenshots/WPRegistrationTest_2017_08_22_16_16_01_83810686-2218-43ae-91b8-a505ad868a81.png' /></a></td>
																</tr>
																<tr>
																	<td class='status pass' title='pass' alt='pass'><i class='mdi-action-check-circle'></i></td>
																	<td class='timestamp'>16:16:01</td>
																		<td class='step-name'>Step: CLick ON months .</td>
																	<td class='step-details'>Required Element found.</td>
																</tr>
																<tr>
																	<td class='status info' title='info' alt='info'><i class='mdi-action-info-outline'></i></td>
																	<td class='timestamp'>16:16:01</td>
																	<td class='step-details'>Snapshot for Passed step is given below [Click it for full view]: <a href='E:\Seleniumdata\Bankeroo\hmAutomation/extentreports/screenshots/WPRegistrationTest_2017_08_22_16_16_01_5065b5e7-4ddb-4a70-a617-142c78cc5577.png' data-featherlight='image'><img class='report-img' src='file:///E:\Seleniumdata\Bankeroo\hmAutomation/extentreports/screenshots/WPRegistrationTest_2017_08_22_16_16_01_5065b5e7-4ddb-4a70-a617-142c78cc5577.png' /></a></td>
																</tr>
																<tr>
																	<td class='status pass' title='pass' alt='pass'><i class='mdi-action-check-circle'></i></td>
																	<td class='timestamp'>16:16:02</td>
																		<td class='step-name'>Step: Select Months .</td>
																	<td class='step-details'>Required Element found.</td>
																</tr>
																<tr>
																	<td class='status info' title='info' alt='info'><i class='mdi-action-info-outline'></i></td>
																	<td class='timestamp'>16:16:02</td>
																	<td class='step-details'>Snapshot for Passed step is given below [Click it for full view]: <a href='E:\Seleniumdata\Bankeroo\hmAutomation/extentreports/screenshots/WPRegistrationTest_2017_08_22_16_16_02_e8403382-854f-46e0-8d2d-71d76a2df82c.png' data-featherlight='image'><img class='report-img' src='file:///E:\Seleniumdata\Bankeroo\hmAutomation/extentreports/screenshots/WPRegistrationTest_2017_08_22_16_16_02_e8403382-854f-46e0-8d2d-71d76a2df82c.png' /></a></td>
																</tr>
																<tr>
																	<td class='status pass' title='pass' alt='pass'><i class='mdi-action-check-circle'></i></td>
																	<td class='timestamp'>16:16:02</td>
																		<td class='step-name'>Step: Click ON continue button on Address detils page .</td>
																	<td class='step-details'>Required Element found.</td>
																</tr>
																<tr>
																	<td class='status info' title='info' alt='info'><i class='mdi-action-info-outline'></i></td>
																	<td class='timestamp'>16:16:02</td>
																	<td class='step-details'>Snapshot for Passed step is given below [Click it for full view]: <a href='E:\Seleniumdata\Bankeroo\hmAutomation/extentreports/screenshots/WPRegistrationTest_2017_08_22_16_16_02_62724d54-716a-4ca1-a1fc-499743a85344.png' data-featherlight='image'><img class='report-img' src='file:///E:\Seleniumdata\Bankeroo\hmAutomation/extentreports/screenshots/WPRegistrationTest_2017_08_22_16_16_02_62724d54-716a-4ca1-a1fc-499743a85344.png' /></a></td>
																</tr>
																<tr>
																	<td class='status pass' title='pass' alt='pass'><i class='mdi-action-check-circle'></i></td>
																	<td class='timestamp'>16:16:04</td>
																		<td class='step-name'>Step: CLick Source of income.</td>
																	<td class='step-details'>Required Element found.</td>
																</tr>
																<tr>
																	<td class='status info' title='info' alt='info'><i class='mdi-action-info-outline'></i></td>
																	<td class='timestamp'>16:16:04</td>
																	<td class='step-details'>Snapshot for Passed step is given below [Click it for full view]: <a href='E:\Seleniumdata\Bankeroo\hmAutomation/extentreports/screenshots/WPRegistrationTest_2017_08_22_16_16_04_eb7176f9-a0f8-40d6-99a6-3086b2bc9fd7.png' data-featherlight='image'><img class='report-img' src='file:///E:\Seleniumdata\Bankeroo\hmAutomation/extentreports/screenshots/WPRegistrationTest_2017_08_22_16_16_04_eb7176f9-a0f8-40d6-99a6-3086b2bc9fd7.png' /></a></td>
																</tr>
																<tr>
																	<td class='status pass' title='pass' alt='pass'><i class='mdi-action-check-circle'></i></td>
																	<td class='timestamp'>16:16:04</td>
																		<td class='step-name'>Step: Select Source of income Employed.</td>
																	<td class='step-details'>Required Element found.</td>
																</tr>
																<tr>
																	<td class='status info' title='info' alt='info'><i class='mdi-action-info-outline'></i></td>
																	<td class='timestamp'>16:16:05</td>
																	<td class='step-details'>Snapshot for Passed step is given below [Click it for full view]: <a href='E:\Seleniumdata\Bankeroo\hmAutomation/extentreports/screenshots/WPRegistrationTest_2017_08_22_16_16_05_b366e56c-12cd-430a-b35d-05928c2fb302.png' data-featherlight='image'><img class='report-img' src='file:///E:\Seleniumdata\Bankeroo\hmAutomation/extentreports/screenshots/WPRegistrationTest_2017_08_22_16_16_05_b366e56c-12cd-430a-b35d-05928c2fb302.png' /></a></td>
																</tr>
																<tr>
																	<td class='status pass' title='pass' alt='pass'><i class='mdi-action-check-circle'></i></td>
																	<td class='timestamp'>16:16:05</td>
																		<td class='step-name'>Step: Click Type of employment.</td>
																	<td class='step-details'>Required Element found.</td>
																</tr>
																<tr>
																	<td class='status info' title='info' alt='info'><i class='mdi-action-info-outline'></i></td>
																	<td class='timestamp'>16:16:05</td>
																	<td class='step-details'>Snapshot for Passed step is given below [Click it for full view]: <a href='E:\Seleniumdata\Bankeroo\hmAutomation/extentreports/screenshots/WPRegistrationTest_2017_08_22_16_16_05_9ac9226f-68bc-433a-bce2-a5ce0eeab8f0.png' data-featherlight='image'><img class='report-img' src='file:///E:\Seleniumdata\Bankeroo\hmAutomation/extentreports/screenshots/WPRegistrationTest_2017_08_22_16_16_05_9ac9226f-68bc-433a-bce2-a5ce0eeab8f0.png' /></a></td>
																</tr>
																<tr>
																	<td class='status pass' title='pass' alt='pass'><i class='mdi-action-check-circle'></i></td>
																	<td class='timestamp'>16:16:05</td>
																		<td class='step-name'>Step: Select Type of employment Full Time.</td>
																	<td class='step-details'>Required Element found.</td>
																</tr>
																<tr>
																	<td class='status info' title='info' alt='info'><i class='mdi-action-info-outline'></i></td>
																	<td class='timestamp'>16:16:06</td>
																	<td class='step-details'>Snapshot for Passed step is given below [Click it for full view]: <a href='E:\Seleniumdata\Bankeroo\hmAutomation/extentreports/screenshots/WPRegistrationTest_2017_08_22_16_16_06_46ad0c6f-c33b-4d36-b015-b81af8145639.png' data-featherlight='image'><img class='report-img' src='file:///E:\Seleniumdata\Bankeroo\hmAutomation/extentreports/screenshots/WPRegistrationTest_2017_08_22_16_16_06_46ad0c6f-c33b-4d36-b015-b81af8145639.png' /></a></td>
																</tr>
																<tr>
																	<td class='status pass' title='pass' alt='pass'><i class='mdi-action-check-circle'></i></td>
																	<td class='timestamp'>16:16:06</td>
																		<td class='step-name'>Step: Enter Employeer name.</td>
																	<td class='step-details'>Required Element found.</td>
																</tr>
																<tr>
																	<td class='status info' title='info' alt='info'><i class='mdi-action-info-outline'></i></td>
																	<td class='timestamp'>16:16:06</td>
																	<td class='step-details'>Snapshot for Passed step is given below [Click it for full view]: <a href='E:\Seleniumdata\Bankeroo\hmAutomation/extentreports/screenshots/WPRegistrationTest_2017_08_22_16_16_06_8de4c183-cfeb-4c42-a513-b9b873fd2d0f.png' data-featherlight='image'><img class='report-img' src='file:///E:\Seleniumdata\Bankeroo\hmAutomation/extentreports/screenshots/WPRegistrationTest_2017_08_22_16_16_06_8de4c183-cfeb-4c42-a513-b9b873fd2d0f.png' /></a></td>
																</tr>
																<tr>
																	<td class='status pass' title='pass' alt='pass'><i class='mdi-action-check-circle'></i></td>
																	<td class='timestamp'>16:16:07</td>
																		<td class='step-name'>Step: Click Length of employment years.</td>
																	<td class='step-details'>Required Element found.</td>
																</tr>
																<tr>
																	<td class='status info' title='info' alt='info'><i class='mdi-action-info-outline'></i></td>
																	<td class='timestamp'>16:16:07</td>
																	<td class='step-details'>Snapshot for Passed step is given below [Click it for full view]: <a href='E:\Seleniumdata\Bankeroo\hmAutomation/extentreports/screenshots/WPRegistrationTest_2017_08_22_16_16_07_45d7f3f8-49ac-4eaf-85d1-f9feadbea744.png' data-featherlight='image'><img class='report-img' src='file:///E:\Seleniumdata\Bankeroo\hmAutomation/extentreports/screenshots/WPRegistrationTest_2017_08_22_16_16_07_45d7f3f8-49ac-4eaf-85d1-f9feadbea744.png' /></a></td>
																</tr>
																<tr>
																	<td class='status pass' title='pass' alt='pass'><i class='mdi-action-check-circle'></i></td>
																	<td class='timestamp'>16:16:07</td>
																		<td class='step-name'>Step: Select Length of employment years.</td>
																	<td class='step-details'>Required Element found.</td>
																</tr>
																<tr>
																	<td class='status info' title='info' alt='info'><i class='mdi-action-info-outline'></i></td>
																	<td class='timestamp'>16:16:08</td>
																	<td class='step-details'>Snapshot for Passed step is given below [Click it for full view]: <a href='E:\Seleniumdata\Bankeroo\hmAutomation/extentreports/screenshots/WPRegistrationTest_2017_08_22_16_16_08_820781f3-8f41-43b0-bddc-88be72c17909.png' data-featherlight='image'><img class='report-img' src='file:///E:\Seleniumdata\Bankeroo\hmAutomation/extentreports/screenshots/WPRegistrationTest_2017_08_22_16_16_08_820781f3-8f41-43b0-bddc-88be72c17909.png' /></a></td>
																</tr>
																<tr>
																	<td class='status pass' title='pass' alt='pass'><i class='mdi-action-check-circle'></i></td>
																	<td class='timestamp'>16:16:08</td>
																		<td class='step-name'>Step: Click Length of employment Months.</td>
																	<td class='step-details'>Required Element found.</td>
																</tr>
																<tr>
																	<td class='status info' title='info' alt='info'><i class='mdi-action-info-outline'></i></td>
																	<td class='timestamp'>16:16:08</td>
																	<td class='step-details'>Snapshot for Passed step is given below [Click it for full view]: <a href='E:\Seleniumdata\Bankeroo\hmAutomation/extentreports/screenshots/WPRegistrationTest_2017_08_22_16_16_08_ca553058-0fd9-4c30-a46e-56c831a1fae4.png' data-featherlight='image'><img class='report-img' src='file:///E:\Seleniumdata\Bankeroo\hmAutomation/extentreports/screenshots/WPRegistrationTest_2017_08_22_16_16_08_ca553058-0fd9-4c30-a46e-56c831a1fae4.png' /></a></td>
																</tr>
																<tr>
																	<td class='status pass' title='pass' alt='pass'><i class='mdi-action-check-circle'></i></td>
																	<td class='timestamp'>16:16:08</td>
																		<td class='step-name'>Step: Select Length of employment Months.</td>
																	<td class='step-details'>Required Element found.</td>
																</tr>
																<tr>
																	<td class='status info' title='info' alt='info'><i class='mdi-action-info-outline'></i></td>
																	<td class='timestamp'>16:16:09</td>
																	<td class='step-details'>Snapshot for Passed step is given below [Click it for full view]: <a href='E:\Seleniumdata\Bankeroo\hmAutomation/extentreports/screenshots/WPRegistrationTest_2017_08_22_16_16_09_94b303a2-9f39-486c-95a5-4aeece6cb88c.png' data-featherlight='image'><img class='report-img' src='file:///E:\Seleniumdata\Bankeroo\hmAutomation/extentreports/screenshots/WPRegistrationTest_2017_08_22_16_16_09_94b303a2-9f39-486c-95a5-4aeece6cb88c.png' /></a></td>
																</tr>
																<tr>
																	<td class='status pass' title='pass' alt='pass'><i class='mdi-action-check-circle'></i></td>
																	<td class='timestamp'>16:16:09</td>
																		<td class='step-name'>Step: CLick How is your salary paid?.</td>
																	<td class='step-details'>Required Element found.</td>
																</tr>
																<tr>
																	<td class='status info' title='info' alt='info'><i class='mdi-action-info-outline'></i></td>
																	<td class='timestamp'>16:16:09</td>
																	<td class='step-details'>Snapshot for Passed step is given below [Click it for full view]: <a href='E:\Seleniumdata\Bankeroo\hmAutomation/extentreports/screenshots/WPRegistrationTest_2017_08_22_16_16_09_a6616b00-eb4a-49b3-a5f4-ccf1023836b8.png' data-featherlight='image'><img class='report-img' src='file:///E:\Seleniumdata\Bankeroo\hmAutomation/extentreports/screenshots/WPRegistrationTest_2017_08_22_16_16_09_a6616b00-eb4a-49b3-a5f4-ccf1023836b8.png' /></a></td>
																</tr>
																<tr>
																	<td class='status pass' title='pass' alt='pass'><i class='mdi-action-check-circle'></i></td>
																	<td class='timestamp'>16:16:09</td>
																		<td class='step-name'>Step: Select How is your salary paid DirectDeposit.</td>
																	<td class='step-details'>Required Element found.</td>
																</tr>
																<tr>
																	<td class='status info' title='info' alt='info'><i class='mdi-action-info-outline'></i></td>
																	<td class='timestamp'>16:16:10</td>
																	<td class='step-details'>Snapshot for Passed step is given below [Click it for full view]: <a href='E:\Seleniumdata\Bankeroo\hmAutomation/extentreports/screenshots/WPRegistrationTest_2017_08_22_16_16_10_080896c3-a2e3-4c29-b687-409637d14a2b.png' data-featherlight='image'><img class='report-img' src='file:///E:\Seleniumdata\Bankeroo\hmAutomation/extentreports/screenshots/WPRegistrationTest_2017_08_22_16_16_10_080896c3-a2e3-4c29-b687-409637d14a2b.png' /></a></td>
																</tr>
																<tr>
																	<td class='status pass' title='pass' alt='pass'><i class='mdi-action-check-circle'></i></td>
																	<td class='timestamp'>16:16:10</td>
																		<td class='step-name'>Step: CLick How often do you get paid?.</td>
																	<td class='step-details'>Required Element found.</td>
																</tr>
																<tr>
																	<td class='status info' title='info' alt='info'><i class='mdi-action-info-outline'></i></td>
																	<td class='timestamp'>16:16:10</td>
																	<td class='step-details'>Snapshot for Passed step is given below [Click it for full view]: <a href='E:\Seleniumdata\Bankeroo\hmAutomation/extentreports/screenshots/WPRegistrationTest_2017_08_22_16_16_10_438e8010-c5e4-472a-8169-262d015e08cd.png' data-featherlight='image'><img class='report-img' src='file:///E:\Seleniumdata\Bankeroo\hmAutomation/extentreports/screenshots/WPRegistrationTest_2017_08_22_16_16_10_438e8010-c5e4-472a-8169-262d015e08cd.png' /></a></td>
																</tr>
																<tr>
																	<td class='status pass' title='pass' alt='pass'><i class='mdi-action-check-circle'></i></td>
																	<td class='timestamp'>16:16:10</td>
																		<td class='step-name'>Step: Select How often do you get paid? Monthly.</td>
																	<td class='step-details'>Required Element found.</td>
																</tr>
																<tr>
																	<td class='status info' title='info' alt='info'><i class='mdi-action-info-outline'></i></td>
																	<td class='timestamp'>16:16:11</td>
																	<td class='step-details'>Snapshot for Passed step is given below [Click it for full view]: <a href='E:\Seleniumdata\Bankeroo\hmAutomation/extentreports/screenshots/WPRegistrationTest_2017_08_22_16_16_11_ad66a82d-ff3e-4ed5-b522-b8e996a13052.png' data-featherlight='image'><img class='report-img' src='file:///E:\Seleniumdata\Bankeroo\hmAutomation/extentreports/screenshots/WPRegistrationTest_2017_08_22_16_16_11_ad66a82d-ff3e-4ed5-b522-b8e996a13052.png' /></a></td>
																</tr>
																<tr>
																	<td class='status pass' title='pass' alt='pass'><i class='mdi-action-check-circle'></i></td>
																	<td class='timestamp'>16:16:11</td>
																		<td class='step-name'>Step: Enter Next pay date.</td>
																	<td class='step-details'>Required Element found.</td>
																</tr>
																<tr>
																	<td class='status info' title='info' alt='info'><i class='mdi-action-info-outline'></i></td>
																	<td class='timestamp'>16:16:12</td>
																	<td class='step-details'>Snapshot for Passed step is given below [Click it for full view]: <a href='E:\Seleniumdata\Bankeroo\hmAutomation/extentreports/screenshots/WPRegistrationTest_2017_08_22_16_16_12_d19ff2a8-f597-454f-9be4-370ae26d190b.png' data-featherlight='image'><img class='report-img' src='file:///E:\Seleniumdata\Bankeroo\hmAutomation/extentreports/screenshots/WPRegistrationTest_2017_08_22_16_16_12_d19ff2a8-f597-454f-9be4-370ae26d190b.png' /></a></td>
																</tr>
																<tr>
																	<td class='status pass' title='pass' alt='pass'><i class='mdi-action-check-circle'></i></td>
																	<td class='timestamp'>16:16:12</td>
																		<td class='step-name'>Step: Enter Amount of last net pay(including tips if applicable)*.</td>
																	<td class='step-details'>Required Element found.</td>
																</tr>
																<tr>
																	<td class='status info' title='info' alt='info'><i class='mdi-action-info-outline'></i></td>
																	<td class='timestamp'>16:16:12</td>
																	<td class='step-details'>Snapshot for Passed step is given below [Click it for full view]: <a href='E:\Seleniumdata\Bankeroo\hmAutomation/extentreports/screenshots/WPRegistrationTest_2017_08_22_16_16_12_a6d7c580-3694-412d-8cd3-0ab93b2e9950.png' data-featherlight='image'><img class='report-img' src='file:///E:\Seleniumdata\Bankeroo\hmAutomation/extentreports/screenshots/WPRegistrationTest_2017_08_22_16_16_12_a6d7c580-3694-412d-8cd3-0ab93b2e9950.png' /></a></td>
																</tr>
																<tr>
																	<td class='status pass' title='pass' alt='pass'><i class='mdi-action-check-circle'></i></td>
																	<td class='timestamp'>16:16:12</td>
																		<td class='step-name'>Step: CLick Is a portion of your salary paid in cash (e.g. tips)?*.</td>
																	<td class='step-details'>Required Element found.</td>
																</tr>
																<tr>
																	<td class='status info' title='info' alt='info'><i class='mdi-action-info-outline'></i></td>
																	<td class='timestamp'>16:16:13</td>
																	<td class='step-details'>Snapshot for Passed step is given below [Click it for full view]: <a href='E:\Seleniumdata\Bankeroo\hmAutomation/extentreports/screenshots/WPRegistrationTest_2017_08_22_16_16_13_9b5ccf31-3514-41bc-b1fb-30c6d19042fb.png' data-featherlight='image'><img class='report-img' src='file:///E:\Seleniumdata\Bankeroo\hmAutomation/extentreports/screenshots/WPRegistrationTest_2017_08_22_16_16_13_9b5ccf31-3514-41bc-b1fb-30c6d19042fb.png' /></a></td>
																</tr>
																<tr>
																	<td class='status pass' title='pass' alt='pass'><i class='mdi-action-check-circle'></i></td>
																	<td class='timestamp'>16:16:13</td>
																		<td class='step-name'>Step: Select Yes.</td>
																	<td class='step-details'>Required Element found.</td>
																</tr>
																<tr>
																	<td class='status info' title='info' alt='info'><i class='mdi-action-info-outline'></i></td>
																	<td class='timestamp'>16:16:13</td>
																	<td class='step-details'>Snapshot for Passed step is given below [Click it for full view]: <a href='E:\Seleniumdata\Bankeroo\hmAutomation/extentreports/screenshots/WPRegistrationTest_2017_08_22_16_16_13_b3467ecf-7624-4205-8b12-fca78d318f62.png' data-featherlight='image'><img class='report-img' src='file:///E:\Seleniumdata\Bankeroo\hmAutomation/extentreports/screenshots/WPRegistrationTest_2017_08_22_16_16_13_b3467ecf-7624-4205-8b12-fca78d318f62.png' /></a></td>
																</tr>
																<tr>
																	<td class='status pass' title='pass' alt='pass'><i class='mdi-action-check-circle'></i></td>
																	<td class='timestamp'>16:16:13</td>
																		<td class='step-name'>Step: Enter How much of your net pay is paid in cash?*.</td>
																	<td class='step-details'>Required Element found.</td>
																</tr>
																<tr>
																	<td class='status info' title='info' alt='info'><i class='mdi-action-info-outline'></i></td>
																	<td class='timestamp'>16:16:14</td>
																	<td class='step-details'>Snapshot for Passed step is given below [Click it for full view]: <a href='E:\Seleniumdata\Bankeroo\hmAutomation/extentreports/screenshots/WPRegistrationTest_2017_08_22_16_16_14_6a2a3311-5cbd-455a-ae34-df6f02e07f95.png' data-featherlight='image'><img class='report-img' src='file:///E:\Seleniumdata\Bankeroo\hmAutomation/extentreports/screenshots/WPRegistrationTest_2017_08_22_16_16_14_6a2a3311-5cbd-455a-ae34-df6f02e07f95.png' /></a></td>
																</tr>
																<tr>
																	<td class='status pass' title='pass' alt='pass'><i class='mdi-action-check-circle'></i></td>
																	<td class='timestamp'>16:16:14</td>
																		<td class='step-name'>Step: Click on continue button on Employment Details page.</td>
																	<td class='step-details'>Required Element found.</td>
																</tr>
																<tr>
																	<td class='status info' title='info' alt='info'><i class='mdi-action-info-outline'></i></td>
																	<td class='timestamp'>16:16:14</td>
																	<td class='step-details'>Snapshot for Passed step is given below [Click it for full view]: <a href='E:\Seleniumdata\Bankeroo\hmAutomation/extentreports/screenshots/WPRegistrationTest_2017_08_22_16_16_14_3ad63cb6-c6cb-422d-8330-b5c29672dd80.png' data-featherlight='image'><img class='report-img' src='file:///E:\Seleniumdata\Bankeroo\hmAutomation/extentreports/screenshots/WPRegistrationTest_2017_08_22_16_16_14_3ad63cb6-c6cb-422d-8330-b5c29672dd80.png' /></a></td>
																</tr>
																<tr>
																	<td class='status pass' title='pass' alt='pass'><i class='mdi-action-check-circle'></i></td>
																	<td class='timestamp'>16:16:18</td>
																		<td class='step-name'>Step: Click Bank Name.</td>
																	<td class='step-details'>Required Element found.</td>
																</tr>
																<tr>
																	<td class='status info' title='info' alt='info'><i class='mdi-action-info-outline'></i></td>
																	<td class='timestamp'>16:16:18</td>
																	<td class='step-details'>Snapshot for Passed step is given below [Click it for full view]: <a href='E:\Seleniumdata\Bankeroo\hmAutomation/extentreports/screenshots/WPRegistrationTest_2017_08_22_16_16_18_746d163f-0bc2-4572-8c57-2d2a83f19139.png' data-featherlight='image'><img class='report-img' src='file:///E:\Seleniumdata\Bankeroo\hmAutomation/extentreports/screenshots/WPRegistrationTest_2017_08_22_16_16_18_746d163f-0bc2-4572-8c57-2d2a83f19139.png' /></a></td>
																</tr>
																<tr>
																	<td class='status pass' title='pass' alt='pass'><i class='mdi-action-check-circle'></i></td>
																	<td class='timestamp'>16:16:18</td>
																		<td class='step-name'>Step: Select Banak Name Others.</td>
																	<td class='step-details'>Required Element found.</td>
																</tr>
																<tr>
																	<td class='status info' title='info' alt='info'><i class='mdi-action-info-outline'></i></td>
																	<td class='timestamp'>16:16:19</td>
																	<td class='step-details'>Snapshot for Passed step is given below [Click it for full view]: <a href='E:\Seleniumdata\Bankeroo\hmAutomation/extentreports/screenshots/WPRegistrationTest_2017_08_22_16_16_19_178963aa-9506-423d-b864-fc715f6947c5.png' data-featherlight='image'><img class='report-img' src='file:///E:\Seleniumdata\Bankeroo\hmAutomation/extentreports/screenshots/WPRegistrationTest_2017_08_22_16_16_19_178963aa-9506-423d-b864-fc715f6947c5.png' /></a></td>
																</tr>
																<tr>
																	<td class='status pass' title='pass' alt='pass'><i class='mdi-action-check-circle'></i></td>
																	<td class='timestamp'>16:16:19</td>
																		<td class='step-name'>Step: Enter Transit number.</td>
																	<td class='step-details'>Required Element found.</td>
																</tr>
																<tr>
																	<td class='status info' title='info' alt='info'><i class='mdi-action-info-outline'></i></td>
																	<td class='timestamp'>16:16:19</td>
																	<td class='step-details'>Snapshot for Passed step is given below [Click it for full view]: <a href='E:\Seleniumdata\Bankeroo\hmAutomation/extentreports/screenshots/WPRegistrationTest_2017_08_22_16_16_19_f50f6df9-a8b8-49fe-a62e-a147537956f6.png' data-featherlight='image'><img class='report-img' src='file:///E:\Seleniumdata\Bankeroo\hmAutomation/extentreports/screenshots/WPRegistrationTest_2017_08_22_16_16_19_f50f6df9-a8b8-49fe-a62e-a147537956f6.png' /></a></td>
																</tr>
																<tr>
																	<td class='status pass' title='pass' alt='pass'><i class='mdi-action-check-circle'></i></td>
																	<td class='timestamp'>16:16:20</td>
																		<td class='step-name'>Step: Enter Account number.</td>
																	<td class='step-details'>Required Element found.</td>
																</tr>
																<tr>
																	<td class='status info' title='info' alt='info'><i class='mdi-action-info-outline'></i></td>
																	<td class='timestamp'>16:16:20</td>
																	<td class='step-details'>Snapshot for Passed step is given below [Click it for full view]: <a href='E:\Seleniumdata\Bankeroo\hmAutomation/extentreports/screenshots/WPRegistrationTest_2017_08_22_16_16_20_441d0558-a7ab-410d-856e-b02613a7dbdd.png' data-featherlight='image'><img class='report-img' src='file:///E:\Seleniumdata\Bankeroo\hmAutomation/extentreports/screenshots/WPRegistrationTest_2017_08_22_16_16_20_441d0558-a7ab-410d-856e-b02613a7dbdd.png' /></a></td>
																</tr>
																<tr>
																	<td class='status pass' title='pass' alt='pass'><i class='mdi-action-check-circle'></i></td>
																	<td class='timestamp'>16:16:20</td>
																		<td class='step-name'>Step: Click On continue Button on bank detail page.</td>
																	<td class='step-details'>Required Element found.</td>
																</tr>
																<tr>
																	<td class='status info' title='info' alt='info'><i class='mdi-action-info-outline'></i></td>
																	<td class='timestamp'>16:16:20</td>
																	<td class='step-details'>Snapshot for Passed step is given below [Click it for full view]: <a href='E:\Seleniumdata\Bankeroo\hmAutomation/extentreports/screenshots/WPRegistrationTest_2017_08_22_16_16_20_cb91238b-f582-44d8-85a5-96eb1df7f9f6.png' data-featherlight='image'><img class='report-img' src='file:///E:\Seleniumdata\Bankeroo\hmAutomation/extentreports/screenshots/WPRegistrationTest_2017_08_22_16_16_20_cb91238b-f582-44d8-85a5-96eb1df7f9f6.png' /></a></td>
																</tr>
																<tr>
																	<td class='status pass' title='pass' alt='pass'><i class='mdi-action-check-circle'></i></td>
																	<td class='timestamp'>16:16:24</td>
																		<td class='step-name'>Step: Click on first check box.</td>
																	<td class='step-details'>Required Element found.</td>
																</tr>
																<tr>
																	<td class='status info' title='info' alt='info'><i class='mdi-action-info-outline'></i></td>
																	<td class='timestamp'>16:16:24</td>
																	<td class='step-details'>Snapshot for Passed step is given below [Click it for full view]: <a href='E:\Seleniumdata\Bankeroo\hmAutomation/extentreports/screenshots/WPRegistrationTest_2017_08_22_16_16_24_ad68a1d8-03ee-49c5-adad-788d4698df54.png' data-featherlight='image'><img class='report-img' src='file:///E:\Seleniumdata\Bankeroo\hmAutomation/extentreports/screenshots/WPRegistrationTest_2017_08_22_16_16_24_ad68a1d8-03ee-49c5-adad-788d4698df54.png' /></a></td>
																</tr>
																<tr>
																	<td class='status pass' title='pass' alt='pass'><i class='mdi-action-check-circle'></i></td>
																	<td class='timestamp'>16:16:24</td>
																		<td class='step-name'>Step: Click on first check box.</td>
																	<td class='step-details'>Required Element found.</td>
																</tr>
																<tr>
																	<td class='status info' title='info' alt='info'><i class='mdi-action-info-outline'></i></td>
																	<td class='timestamp'>16:16:25</td>
																	<td class='step-details'>Snapshot for Passed step is given below [Click it for full view]: <a href='E:\Seleniumdata\Bankeroo\hmAutomation/extentreports/screenshots/WPRegistrationTest_2017_08_22_16_16_25_38c6a19b-0d47-4010-9f90-509b85da3335.png' data-featherlight='image'><img class='report-img' src='file:///E:\Seleniumdata\Bankeroo\hmAutomation/extentreports/screenshots/WPRegistrationTest_2017_08_22_16_16_25_38c6a19b-0d47-4010-9f90-509b85da3335.png' /></a></td>
																</tr>
																<tr>
																	<td class='status pass' title='pass' alt='pass'><i class='mdi-action-check-circle'></i></td>
																	<td class='timestamp'>16:16:25</td>
																		<td class='step-name'>Step: Click on first check box.</td>
																	<td class='step-details'>Required Element found.</td>
																</tr>
																<tr>
																	<td class='status info' title='info' alt='info'><i class='mdi-action-info-outline'></i></td>
																	<td class='timestamp'>16:16:25</td>
																	<td class='step-details'>Snapshot for Passed step is given below [Click it for full view]: <a href='E:\Seleniumdata\Bankeroo\hmAutomation/extentreports/screenshots/WPRegistrationTest_2017_08_22_16_16_25_23d13e53-f095-4b50-a707-15d271ddf80c.png' data-featherlight='image'><img class='report-img' src='file:///E:\Seleniumdata\Bankeroo\hmAutomation/extentreports/screenshots/WPRegistrationTest_2017_08_22_16_16_25_23d13e53-f095-4b50-a707-15d271ddf80c.png' /></a></td>
																</tr>
																<tr>
																	<td class='status pass' title='pass' alt='pass'><i class='mdi-action-check-circle'></i></td>
																	<td class='timestamp'>16:16:25</td>
																		<td class='step-name'>Step: Click on first check box.</td>
																	<td class='step-details'>Required Element found.</td>
																</tr>
																<tr>
																	<td class='status info' title='info' alt='info'><i class='mdi-action-info-outline'></i></td>
																	<td class='timestamp'>16:16:26</td>
																	<td class='step-details'>Snapshot for Passed step is given below [Click it for full view]: <a href='E:\Seleniumdata\Bankeroo\hmAutomation/extentreports/screenshots/WPRegistrationTest_2017_08_22_16_16_26_c61ef125-8640-49ed-808a-cc911188e3ae.png' data-featherlight='image'><img class='report-img' src='file:///E:\Seleniumdata\Bankeroo\hmAutomation/extentreports/screenshots/WPRegistrationTest_2017_08_22_16_16_26_c61ef125-8640-49ed-808a-cc911188e3ae.png' /></a></td>
																</tr>
																<tr>
																	<td class='status pass' title='pass' alt='pass'><i class='mdi-action-check-circle'></i></td>
																	<td class='timestamp'>16:16:26</td>
																		<td class='step-name'>Step: Click on first check box.</td>
																	<td class='step-details'>Required Element found.</td>
																</tr>
																<tr>
																	<td class='status info' title='info' alt='info'><i class='mdi-action-info-outline'></i></td>
																	<td class='timestamp'>16:16:26</td>
																	<td class='step-details'>Snapshot for Passed step is given below [Click it for full view]: <a href='E:\Seleniumdata\Bankeroo\hmAutomation/extentreports/screenshots/WPRegistrationTest_2017_08_22_16_16_26_318c2359-2b5c-4a45-8783-17d8e4054e3e.png' data-featherlight='image'><img class='report-img' src='file:///E:\Seleniumdata\Bankeroo\hmAutomation/extentreports/screenshots/WPRegistrationTest_2017_08_22_16_16_26_318c2359-2b5c-4a45-8783-17d8e4054e3e.png' /></a></td>
																</tr>
																<tr>
																	<td class='status pass' title='pass' alt='pass'><i class='mdi-action-check-circle'></i></td>
																	<td class='timestamp'>16:16:27</td>
																		<td class='step-name'>Step: Click on second check box.</td>
																	<td class='step-details'>Required Element found.</td>
																</tr>
																<tr>
																	<td class='status info' title='info' alt='info'><i class='mdi-action-info-outline'></i></td>
																	<td class='timestamp'>16:16:27</td>
																	<td class='step-details'>Snapshot for Passed step is given below [Click it for full view]: <a href='E:\Seleniumdata\Bankeroo\hmAutomation/extentreports/screenshots/WPRegistrationTest_2017_08_22_16_16_27_c30ba41d-901f-44ff-8ca7-3720b6a459ec.png' data-featherlight='image'><img class='report-img' src='file:///E:\Seleniumdata\Bankeroo\hmAutomation/extentreports/screenshots/WPRegistrationTest_2017_08_22_16_16_27_c30ba41d-901f-44ff-8ca7-3720b6a459ec.png' /></a></td>
																</tr>
																<tr>
																	<td class='status pass' title='pass' alt='pass'><i class='mdi-action-check-circle'></i></td>
																	<td class='timestamp'>16:16:27</td>
																		<td class='step-name'>Step: Click on continue Button on review info page.</td>
																	<td class='step-details'>Required Element found.</td>
																</tr>
																<tr>
																	<td class='status info' title='info' alt='info'><i class='mdi-action-info-outline'></i></td>
																	<td class='timestamp'>16:16:28</td>
																	<td class='step-details'>Snapshot for Passed step is given below [Click it for full view]: <a href='E:\Seleniumdata\Bankeroo\hmAutomation/extentreports/screenshots/WPRegistrationTest_2017_08_22_16_16_28_30cb2f8e-ec36-49aa-b17a-437be2eb9871.png' data-featherlight='image'><img class='report-img' src='file:///E:\Seleniumdata\Bankeroo\hmAutomation/extentreports/screenshots/WPRegistrationTest_2017_08_22_16_16_28_30cb2f8e-ec36-49aa-b17a-437be2eb9871.png' /></a></td>
																</tr>
																<tr>
																	<td class='status fail' title='fail' alt='fail'><i class='mdi-navigation-cancel'></i></td>
																	<td class='timestamp'>16:16:32</td>
																		<td class='step-name'>Enter on OTP</td>
																	<td class='step-details'>no such element: Unable to locate element: {"method":"name","selector":"pinNumber"}
  (Session info: chrome=60.0.3112.101)
  (Driver info: chromedriver=2.29.461591 (62ebf098771772160f391d75e589dc567915b233),platform=Windows NT 6.3.9600 x86_64) (WARNING: The server did not provide any stacktrace information)
Command duration or timeout: 81 milliseconds
For documentation on this error, please visit: http://seleniumhq.org/exceptions/no_such_element.html
Build info: version: '3.3.1', revision: '5234b325d5', time: '2017-03-10 09:10:29 +0000'
System info: host: 'HMECL000220', ip: '10.16.33.238', os.name: 'Windows 8.1', os.arch: 'amd64', os.version: '6.3', java.version: '1.8.0_91'
Driver info: org.openqa.selenium.chrome.ChromeDriver
Capabilities [{applicationCacheEnabled=false, rotatable=false, mobileEmulationEnabled=false, networkConnectionEnabled=false, chrome={chromedriverVersion=2.29.461591 (62ebf098771772160f391d75e589dc567915b233), userDataDir=C:\Users\YOGEND~1.SIN\AppData\Local\Temp\scoped_dir24752_24283}, takesHeapSnapshot=true, pageLoadStrategy=normal, databaseEnabled=false, handlesAlerts=true, hasTouchScreen=false, version=60.0.3112.101, platform=WIN8_1, browserConnectionEnabled=false, nativeEvents=true, acceptSslCerts=true, locationContextEnabled=true, webStorageEnabled=true, browserName=chrome, takesScreenshot=true, javascriptEnabled=true, cssSelectorsEnabled=true, unexpectedAlertBehaviour=}]
Session ID: ddd1cf0903433dead449461cf0b0d411
*** Element info: {Using=name, value=pinNumber}</td>
																</tr>
																<tr>
																	<td class='status fatal' title='fatal' alt='fatal'><i class='mdi-navigation-cancel'></i></td>
																	<td class='timestamp'>16:16:33</td>
																	<td class='step-details'><pre>org.openqa.selenium.NoSuchElementException: no such element: Unable to locate element: {"method":"name","selector":"pinNumber"}
  (Session info: chrome=60.0.3112.101)
  (Driver info: chromedriver=2.29.461591 (62ebf098771772160f391d75e589dc567915b233),platform=Windows NT 6.3.9600 x86_64) (WARNING: The server did not provide any stacktrace information)
Command duration or timeout: 13 milliseconds
For documentation on this error, please visit: http://seleniumhq.org/exceptions/no_such_element.html
Build info: version: '3.3.1', revision: '5234b325d5', time: '2017-03-10 09:10:29 +0000'
System info: host: 'HMECL000220', ip: '10.16.33.238', os.name: 'Windows 8.1', os.arch: 'amd64', os.version: '6.3', java.version: '1.8.0_91'
Driver info: org.openqa.selenium.chrome.ChromeDriver
Capabilities [{applicationCacheEnabled=false, rotatable=false, mobileEmulationEnabled=false, networkConnectionEnabled=false, chrome={chromedriverVersion=2.29.461591 (62ebf098771772160f391d75e589dc567915b233), userDataDir=C:\Users\YOGEND~1.SIN\AppData\Local\Temp\scoped_dir24752_24283}, takesHeapSnapshot=true, pageLoadStrategy=normal, databaseEnabled=false, handlesAlerts=true, hasTouchScreen=false, version=60.0.3112.101, platform=WIN8_1, browserConnectionEnabled=false, nativeEvents=true, acceptSslCerts=true, locationContextEnabled=true, webStorageEnabled=true, browserName=chrome, takesScreenshot=true, javascriptEnabled=true, cssSelectorsEnabled=true, unexpectedAlertBehaviour=}]
Session ID: ddd1cf0903433dead449461cf0b0d411
*** Element info: {Using=name, value=pinNumber}
	at sun.reflect.NativeConstructorAccessorImpl.newInstance0(Native Method)
	at sun.reflect.NativeConstructorAccessorImpl.newInstance(NativeConstructorAccessorImpl.java:62)
	at sun.reflect.DelegatingConstructorAccessorImpl.newInstance(DelegatingConstructorAccessorImpl.java:45)
	at java.lang.reflect.Constructor.newInstance(Constructor.java:423)
	at org.openqa.selenium.remote.ErrorHandler.createThrowable(ErrorHandler.java:216)
	at org.openqa.selenium.remote.ErrorHandler.throwIfResponseFailed(ErrorHandler.java:168)
	at org.openqa.selenium.remote.RemoteWebDriver.execute(RemoteWebDriver.java:638)
	at org.openqa.selenium.remote.RemoteWebDriver.findElement(RemoteWebDriver.java:371)
	at org.openqa.selenium.remote.RemoteWebDriver.findElementByName(RemoteWebDriver.java:452)
	at org.openqa.selenium.By$ByName.findElement(By.java:303)
	at org.openqa.selenium.remote.RemoteWebDriver.findElement(RemoteWebDriver.java:363)
	at org.openqa.selenium.support.pagefactory.DefaultElementLocator.findElement(DefaultElementLocator.java:69)
	at org.openqa.selenium.support.pagefactory.internal.LocatingElementHandler.invoke(LocatingElementHandler.java:38)
	at com.sun.proxy.$Proxy11.getText(Unknown Source)
	at com.happiestmind.automation.errorhandler.ExtentErrorHandler.extentHandlerForElement(ExtentErrorHandler.java:95)
	at com.happiestmind.automation.selenium.CustomWebElement.sendKeys(CustomWebElement.java:69)
	at com.happiestmind.automation.wp.pagefactory.ActiveAccount.enterOneTimePinNumber(ActiveAccount.java:61)
	at com.happiestmind.automation.suite.wpregression.WPRegistrationTest.wpregistrationtest(WPRegistrationTest.java:377)
	at sun.reflect.NativeMethodAccessorImpl.invoke0(Native Method)
	at sun.reflect.NativeMethodAccessorImpl.invoke(NativeMethodAccessorImpl.java:62)
	at sun.reflect.DelegatingMethodAccessorImpl.invoke(DelegatingMethodAccessorImpl.java:43)
	at java.lang.reflect.Method.invoke(Method.java:498)
	at org.testng.internal.MethodInvocationHelper.invokeMethod(MethodInvocationHelper.java:108)
	at org.testng.internal.Invoker.invokeMethod(Invoker.java:661)
	at org.testng.internal.Invoker.invokeTestMethod(Invoker.java:869)
	at org.testng.internal.Invoker.invokeTestMethods(Invoker.java:1193)
	at org.testng.internal.TestMethodWorker.invokeTestMethods(TestMethodWorker.java:126)
	at org.testng.internal.TestMethodWorker.run(TestMethodWorker.java:109)
	at org.testng.TestRunner.privateRun(TestRunner.java:744)
	at org.testng.TestRunner.run(TestRunner.java:602)
	at org.testng.SuiteRunner.runTest(SuiteRunner.java:380)
	at org.testng.SuiteRunner.runSequentially(SuiteRunner.java:375)
	at org.testng.SuiteRunner.privateRun(SuiteRunner.java:340)
	at org.testng.SuiteRunner.run(SuiteRunner.java:289)
	at org.testng.SuiteRunnerWorker.runSuite(SuiteRunnerWorker.java:52)
	at org.testng.SuiteRunnerWorker.run(SuiteRunnerWorker.java:86)
	at org.testng.TestNG.runSuitesSequentially(TestNG.java:1301)
	at org.testng.TestNG.runSuitesSequentially(TestNG.java:1297)
	at org.testng.TestNG.runSuitesLocally(TestNG.java:1226)
	at org.testng.TestNG.runSuites(TestNG.java:1144)
	at org.testng.TestNG.run(TestNG.java:1115)
	at org.testng.remote.AbstractRemoteTestNG.run(AbstractRemoteTestNG.java:132)
	at org.testng.remote.RemoteTestNG.initAndRun(RemoteTestNG.java:230)
	at org.testng.remote.RemoteTestNG.main(RemoteTestNG.java:76)
</pre></td>
																</tr>
																<tr>
																	<td class='status info' title='info' alt='info'><i class='mdi-action-info-outline'></i></td>
																	<td class='timestamp'>16:16:33</td>
																	<td class='step-details'>Snapshot for failed step is given below [Click it for full view]: <a href='E:\Seleniumdata\Bankeroo\hmAutomation/extentreports/screenshots/WPRegistrationTest_2017_08_22_16_16_33_7a1234b3-b094-45f5-8d8b-20fd8d5f14f2.png' data-featherlight='image'><img class='report-img' src='file:///E:\Seleniumdata\Bankeroo\hmAutomation/extentreports/screenshots/WPRegistrationTest_2017_08_22_16_16_33_7a1234b3-b094-45f5-8d8b-20fd8d5f14f2.png' /></a></td>
																</tr>
																<tr>
																	<td class='status fail' title='fail' alt='fail'><i class='mdi-navigation-cancel'></i></td>
																	<td class='timestamp'>16:16:33</td>
																		<td class='step-name'>Test Case Failed:</td>
																	<td class='step-details'>wpregistrationtest</td>
																</tr>
																<tr>
																	<td class='status fail' title='fail' alt='fail'><i class='mdi-navigation-cancel'></i></td>
																	<td class='timestamp'>16:16:33</td>
																	<td class='step-details'>Failure Cause: java.lang.Exception: org.openqa.selenium.NoSuchElementException: no such element: Unable to locate element: {"method":"name","selector":"pinNumber"}
  (Session info: chrome=60.0.3112.101)
  (Driver info: chromedriver=2.29.461591 (62ebf098771772160f391d75e589dc567915b233),platform=Windows NT 6.3.9600 x86_64) (WARNING: The server did not provide any stacktrace information)
Command duration or timeout: 13 milliseconds
For documentation on this error, please visit: http://seleniumhq.org/exceptions/no_such_element.html
Build info: version: '3.3.1', revision: '5234b325d5', time: '2017-03-10 09:10:29 +0000'
System info: host: 'HMECL000220', ip: '10.16.33.238', os.name: 'Windows 8.1', os.arch: 'amd64', os.version: '6.3', java.version: '1.8.0_91'
Driver info: org.openqa.selenium.chrome.ChromeDriver
Capabilities [{applicationCacheEnabled=false, rotatable=false, mobileEmulationEnabled=false, networkConnectionEnabled=false, chrome={chromedriverVersion=2.29.461591 (62ebf098771772160f391d75e589dc567915b233), userDataDir=C:\Users\YOGEND~1.SIN\AppData\Local\Temp\scoped_dir24752_24283}, takesHeapSnapshot=true, pageLoadStrategy=normal, databaseEnabled=false, handlesAlerts=true, hasTouchScreen=false, version=60.0.3112.101, platform=WIN8_1, browserConnectionEnabled=false, nativeEvents=true, acceptSslCerts=true, locationContextEnabled=true, webStorageEnabled=true, browserName=chrome, takesScreenshot=true, javascriptEnabled=true, cssSelectorsEnabled=true, unexpectedAlertBehaviour=}]
Session ID: ddd1cf0903433dead449461cf0b0d411
*** Element info: {Using=name, value=pinNumber}</td>
																</tr>
														</tbody>
													</table>
													<ul class='collapsible node-list' data-collapsible='accordion'>
													</ul>
												</div>
											</div>
										</li>
										<li class='collection-item test displayed active skip ' extentid='f96429e4-35ec-49fe-ae76-c0b0a03ebd6f'>
											<div class='test-head'>
												<span class='test-name'>Starting user registration </span>
												<span class='test-status label right outline capitalize skip'>skip</span>
												<span class='category-assigned hide '></span>
											</div>
											<div class='test-body'>
												<div class='test-info'>
													<span title='Test started time' alt='Test started time' class='test-started-time label green lighten-1 text-white'>2017-08-22 16:16:33</span>
													<span title='Test ended time' alt='Test ended time' class='test-ended-time label red lighten-1 text-white'>2017-08-22 16:16:33</span>
													<span title='Time taken to finish' alt='Time taken to finish' class='test-time-taken label blue-grey lighten-3 text-white'>0h 0m 0s+0ms</span>
												</div>
												<div class='test-desc'></div>
												<div class='test-attributes'>
												</div>
												<div class='test-steps'>
													<table class='bordered table-results'>
														<thead>
															<tr>
																<th>Status</th>
																<th>Timestamp</th>
																<th>Details</th>
															</tr>
														</thead>
														<tbody>
																<tr>
																	<td class='status skip' title='skip' alt='skip'><i class='mdi-content-redo'></i></td>
																	<td class='timestamp'>16:16:33</td>
																	<td class='step-details'>This test case is skipped</td>
																</tr>
																<tr>
																	<td class='status skip' title='skip' alt='skip'><i class='mdi-content-redo'></i></td>
																	<td class='timestamp'>16:16:34</td>
																	<td class='step-details'>Test Case Skipped is wpregistrationtest</td>
																</tr>
														</tbody>
													</table>
													<ul class='collapsible node-list' data-collapsible='accordion'>
													</ul>
												</div>
											</div>
										</li>
										<li class='collection-item test displayed active skip ' extentid='6c0aa6ed-9b86-4b14-831c-561fcbd4cb49'>
											<div class='test-head'>
												<span class='test-name'>Starting user registration </span>
												<span class='test-status label right outline capitalize skip'>skip</span>
												<span class='category-assigned hide '></span>
											</div>
											<div class='test-body'>
												<div class='test-info'>
													<span title='Test started time' alt='Test started time' class='test-started-time label green lighten-1 text-white'>2017-08-22 16:16:34</span>
													<span title='Test ended time' alt='Test ended time' class='test-ended-time label red lighten-1 text-white'>2017-08-22 16:16:34</span>
													<span title='Time taken to finish' alt='Time taken to finish' class='test-time-taken label blue-grey lighten-3 text-white'>0h 0m 0s+0ms</span>
												</div>
												<div class='test-desc'></div>
												<div class='test-attributes'>
												</div>
												<div class='test-steps'>
													<table class='bordered table-results'>
														<thead>
															<tr>
																<th>Status</th>
																<th>Timestamp</th>
																<th>Details</th>
															</tr>
														</thead>
														<tbody>
																<tr>
																	<td class='status skip' title='skip' alt='skip'><i class='mdi-content-redo'></i></td>
																	<td class='timestamp'>16:16:34</td>
																	<td class='step-details'>This test case is skipped</td>
																</tr>
																<tr>
																	<td class='status skip' title='skip' alt='skip'><i class='mdi-content-redo'></i></td>
																	<td class='timestamp'>16:16:34</td>
																	<td class='step-details'>Test Case Skipped is wpregistrationtest</td>
																</tr>
														</tbody>
													</table>
													<ul class='collapsible node-list' data-collapsible='accordion'>
													</ul>
												</div>
											</div>
										</li>
										<li class='collection-item test displayed active skip ' extentid='87abefc6-1b77-4801-a2f5-515c8ae3adfc'>
											<div class='test-head'>
												<span class='test-name'>Starting user registration </span>
												<span class='test-status label right outline capitalize skip'>skip</span>
												<span class='category-assigned hide '></span>
											</div>
											<div class='test-body'>
												<div class='test-info'>
													<span title='Test started time' alt='Test started time' class='test-started-time label green lighten-1 text-white'>2017-08-22 16:16:34</span>
													<span title='Test ended time' alt='Test ended time' class='test-ended-time label red lighten-1 text-white'>2017-08-22 16:16:34</span>
													<span title='Time taken to finish' alt='Time taken to finish' class='test-time-taken label blue-grey lighten-3 text-white'>0h 0m 0s+0ms</span>
												</div>
												<div class='test-desc'></div>
												<div class='test-attributes'>
												</div>
												<div class='test-steps'>
													<table class='bordered table-results'>
														<thead>
															<tr>
																<th>Status</th>
																<th>Timestamp</th>
																<th>Details</th>
															</tr>
														</thead>
														<tbody>
																<tr>
																	<td class='status skip' title='skip' alt='skip'><i class='mdi-content-redo'></i></td>
																	<td class='timestamp'>16:16:34</td>
																	<td class='step-details'>This test case is skipped</td>
																</tr>
																<tr>
																	<td class='status skip' title='skip' alt='skip'><i class='mdi-content-redo'></i></td>
																	<td class='timestamp'>16:16:34</td>
																	<td class='step-details'>Test Case Skipped is wpregistrationtest</td>
																</tr>
														</tbody>
													</table>
													<ul class='collapsible node-list' data-collapsible='accordion'>
													</ul>
												</div>
											</div>
										</li>
										<li class='collection-item test displayed active skip ' extentid='41fe5db5-2ada-4424-ae6d-af062313461c'>
											<div class='test-head'>
												<span class='test-name'>Starting user registration </span>
												<span class='test-status label right outline capitalize skip'>skip</span>
												<span class='category-assigned hide '></span>
											</div>
											<div class='test-body'>
												<div class='test-info'>
													<span title='Test started time' alt='Test started time' class='test-started-time label green lighten-1 text-white'>2017-08-22 16:16:34</span>
													<span title='Test ended time' alt='Test ended time' class='test-ended-time label red lighten-1 text-white'>2017-08-22 16:16:34</span>
													<span title='Time taken to finish' alt='Time taken to finish' class='test-time-taken label blue-grey lighten-3 text-white'>0h 0m 0s+0ms</span>
												</div>
												<div class='test-desc'></div>
												<div class='test-attributes'>
												</div>
												<div class='test-steps'>
													<table class='bordered table-results'>
														<thead>
															<tr>
																<th>Status</th>
																<th>Timestamp</th>
																<th>Details</th>
															</tr>
														</thead>
														<tbody>
																<tr>
																	<td class='status skip' title='skip' alt='skip'><i class='mdi-content-redo'></i></td>
																	<td class='timestamp'>16:16:34</td>
																	<td class='step-details'>This test case is skipped</td>
																</tr>
																<tr>
																	<td class='status skip' title='skip' alt='skip'><i class='mdi-content-redo'></i></td>
																	<td class='timestamp'>16:16:34</td>
																	<td class='step-details'>Test Case Skipped is wpregistrationtest</td>
																</tr>
														</tbody>
													</table>
													<ul class='collapsible node-list' data-collapsible='accordion'>
													</ul>
												</div>
											</div>
										</li>
										<li class='collection-item test displayed active skip ' extentid='a6b49663-e02d-4872-a678-ed06567b8504'>
											<div class='test-head'>
												<span class='test-name'>Starting user registration </span>
												<span class='test-status label right outline capitalize skip'>skip</span>
												<span class='category-assigned hide '></span>
											</div>
											<div class='test-body'>
												<div class='test-info'>
													<span title='Test started time' alt='Test started time' class='test-started-time label green lighten-1 text-white'>2017-08-22 16:16:34</span>
													<span title='Test ended time' alt='Test ended time' class='test-ended-time label red lighten-1 text-white'>2017-08-22 16:16:34</span>
													<span title='Time taken to finish' alt='Time taken to finish' class='test-time-taken label blue-grey lighten-3 text-white'>0h 0m 0s+0ms</span>
												</div>
												<div class='test-desc'></div>
												<div class='test-attributes'>
												</div>
												<div class='test-steps'>
													<table class='bordered table-results'>
														<thead>
															<tr>
																<th>Status</th>
																<th>Timestamp</th>
																<th>Details</th>
															</tr>
														</thead>
														<tbody>
																<tr>
																	<td class='status skip' title='skip' alt='skip'><i class='mdi-content-redo'></i></td>
																	<td class='timestamp'>16:16:34</td>
																	<td class='step-details'>This test case is skipped</td>
																</tr>
																<tr>
																	<td class='status skip' title='skip' alt='skip'><i class='mdi-content-redo'></i></td>
																	<td class='timestamp'>16:16:34</td>
																	<td class='step-details'>Test Case Skipped is wpregistrationtest</td>
																</tr>
														</tbody>
													</table>
													<ul class='collapsible node-list' data-collapsible='accordion'>
													</ul>
												</div>
											</div>
										</li>
										<li class='collection-item test displayed active skip ' extentid='092dac90-ee0a-4d8c-b49e-de9998bed44f'>
											<div class='test-head'>
												<span class='test-name'>Starting user registration </span>
												<span class='test-status label right outline capitalize skip'>skip</span>
												<span class='category-assigned hide '></span>
											</div>
											<div class='test-body'>
												<div class='test-info'>
													<span title='Test started time' alt='Test started time' class='test-started-time label green lighten-1 text-white'>2017-08-22 16:16:34</span>
													<span title='Test ended time' alt='Test ended time' class='test-ended-time label red lighten-1 text-white'>2017-08-22 16:16:34</span>
													<span title='Time taken to finish' alt='Time taken to finish' class='test-time-taken label blue-grey lighten-3 text-white'>0h 0m 0s+0ms</span>
												</div>
												<div class='test-desc'></div>
												<div class='test-attributes'>
												</div>
												<div class='test-steps'>
													<table class='bordered table-results'>
														<thead>
															<tr>
																<th>Status</th>
																<th>Timestamp</th>
																<th>Details</th>
															</tr>
														</thead>
														<tbody>
																<tr>
																	<td class='status skip' title='skip' alt='skip'><i class='mdi-content-redo'></i></td>
																	<td class='timestamp'>16:16:34</td>
																	<td class='step-details'>This test case is skipped</td>
																</tr>
																<tr>
																	<td class='status skip' title='skip' alt='skip'><i class='mdi-content-redo'></i></td>
																	<td class='timestamp'>16:16:34</td>
																	<td class='step-details'>Test Case Skipped is wpregistrationtest</td>
																</tr>
														</tbody>
													</table>
													<ul class='collapsible node-list' data-collapsible='accordion'>
													</ul>
												</div>
											</div>
										</li>
										<li class='collection-item test displayed active skip ' extentid='040a1e9c-f032-4e16-b559-36df5de3610f'>
											<div class='test-head'>
												<span class='test-name'>Starting user registration </span>
												<span class='test-status label right outline capitalize skip'>skip</span>
												<span class='category-assigned hide '></span>
											</div>
											<div class='test-body'>
												<div class='test-info'>
													<span title='Test started time' alt='Test started time' class='test-started-time label green lighten-1 text-white'>2017-08-22 16:16:34</span>
													<span title='Test ended time' alt='Test ended time' class='test-ended-time label red lighten-1 text-white'>2017-08-22 16:16:34</span>
													<span title='Time taken to finish' alt='Time taken to finish' class='test-time-taken label blue-grey lighten-3 text-white'>0h 0m 0s+1ms</span>
												</div>
												<div class='test-desc'></div>
												<div class='test-attributes'>
												</div>
												<div class='test-steps'>
													<table class='bordered table-results'>
														<thead>
															<tr>
																<th>Status</th>
																<th>Timestamp</th>
																<th>Details</th>
															</tr>
														</thead>
														<tbody>
																<tr>
																	<td class='status skip' title='skip' alt='skip'><i class='mdi-content-redo'></i></td>
																	<td class='timestamp'>16:16:34</td>
																	<td class='step-details'>This test case is skipped</td>
																</tr>
																<tr>
																	<td class='status skip' title='skip' alt='skip'><i class='mdi-content-redo'></i></td>
																	<td class='timestamp'>16:16:35</td>
																	<td class='step-details'>Test Case Skipped is wpregistrationtest</td>
																</tr>
														</tbody>
													</table>
													<ul class='collapsible node-list' data-collapsible='accordion'>
													</ul>
												</div>
											</div>
										</li>
										<li class='collection-item test displayed active skip ' extentid='40881147-8cee-48b5-ba00-87f87855c5e3'>
											<div class='test-head'>
												<span class='test-name'>Starting user registration </span>
												<span class='test-status label right outline capitalize skip'>skip</span>
												<span class='category-assigned hide '></span>
											</div>
											<div class='test-body'>
												<div class='test-info'>
													<span title='Test started time' alt='Test started time' class='test-started-time label green lighten-1 text-white'>2017-08-22 16:16:35</span>
													<span title='Test ended time' alt='Test ended time' class='test-ended-time label red lighten-1 text-white'>2017-08-22 16:16:35</span>
													<span title='Time taken to finish' alt='Time taken to finish' class='test-time-taken label blue-grey lighten-3 text-white'>0h 0m 0s+0ms</span>
												</div>
												<div class='test-desc'></div>
												<div class='test-attributes'>
												</div>
												<div class='test-steps'>
													<table class='bordered table-results'>
														<thead>
															<tr>
																<th>Status</th>
																<th>Timestamp</th>
																<th>Details</th>
															</tr>
														</thead>
														<tbody>
																<tr>
																	<td class='status skip' title='skip' alt='skip'><i class='mdi-content-redo'></i></td>
																	<td class='timestamp'>16:16:35</td>
																	<td class='step-details'>This test case is skipped</td>
																</tr>
																<tr>
																	<td class='status skip' title='skip' alt='skip'><i class='mdi-content-redo'></i></td>
																	<td class='timestamp'>16:16:35</td>
																	<td class='step-details'>Test Case Skipped is wpregistrationtest</td>
																</tr>
														</tbody>
													</table>
													<ul class='collapsible node-list' data-collapsible='accordion'>
													</ul>
												</div>
											</div>
										</li>
										<li class='collection-item test displayed active skip ' extentid='052f9579-01bc-4940-8fa7-beea407045cb'>
											<div class='test-head'>
												<span class='test-name'>Starting user registration </span>
												<span class='test-status label right outline capitalize skip'>skip</span>
												<span class='category-assigned hide '></span>
											</div>
											<div class='test-body'>
												<div class='test-info'>
													<span title='Test started time' alt='Test started time' class='test-started-time label green lighten-1 text-white'>2017-08-22 16:16:35</span>
													<span title='Test ended time' alt='Test ended time' class='test-ended-time label red lighten-1 text-white'>2017-08-22 16:16:35</span>
													<span title='Time taken to finish' alt='Time taken to finish' class='test-time-taken label blue-grey lighten-3 text-white'>0h 0m 0s+1ms</span>
												</div>
												<div class='test-desc'></div>
												<div class='test-attributes'>
												</div>
												<div class='test-steps'>
													<table class='bordered table-results'>
														<thead>
															<tr>
																<th>Status</th>
																<th>Timestamp</th>
																<th>Details</th>
															</tr>
														</thead>
														<tbody>
																<tr>
																	<td class='status skip' title='skip' alt='skip'><i class='mdi-content-redo'></i></td>
																	<td class='timestamp'>16:16:35</td>
																	<td class='step-details'>This test case is skipped</td>
																</tr>
																<tr>
																	<td class='status skip' title='skip' alt='skip'><i class='mdi-content-redo'></i></td>
																	<td class='timestamp'>16:16:35</td>
																	<td class='step-details'>Test Case Skipped is wpregistrationtest</td>
																</tr>
														</tbody>
													</table>
													<ul class='collapsible node-list' data-collapsible='accordion'>
													</ul>
												</div>
											</div>
										</li>
										<li class='collection-item test displayed active skip ' extentid='9e9844cc-ddd7-43aa-9ffd-6ad1bfb48311'>
											<div class='test-head'>
												<span class='test-name'>Starting user registration </span>
												<span class='test-status label right outline capitalize skip'>skip</span>
												<span class='category-assigned hide '></span>
											</div>
											<div class='test-body'>
												<div class='test-info'>
													<span title='Test started time' alt='Test started time' class='test-started-time label green lighten-1 text-white'>2017-08-22 16:16:35</span>
													<span title='Test ended time' alt='Test ended time' class='test-ended-time label red lighten-1 text-white'>2017-08-22 16:16:35</span>
													<span title='Time taken to finish' alt='Time taken to finish' class='test-time-taken label blue-grey lighten-3 text-white'>0h 0m 0s+0ms</span>
												</div>
												<div class='test-desc'></div>
												<div class='test-attributes'>
												</div>
												<div class='test-steps'>
													<table class='bordered table-results'>
														<thead>
															<tr>
																<th>Status</th>
																<th>Timestamp</th>
																<th>Details</th>
															</tr>
														</thead>
														<tbody>
																<tr>
																	<td class='status skip' title='skip' alt='skip'><i class='mdi-content-redo'></i></td>
																	<td class='timestamp'>16:16:35</td>
																	<td class='step-details'>This test case is skipped</td>
																</tr>
																<tr>
																	<td class='status skip' title='skip' alt='skip'><i class='mdi-content-redo'></i></td>
																	<td class='timestamp'>16:16:35</td>
																	<td class='step-details'>Test Case Skipped is wpregistrationtest</td>
																</tr>
														</tbody>
													</table>
													<ul class='collapsible node-list' data-collapsible='accordion'>
													</ul>
												</div>
											</div>
										</li>
										<li class='collection-item test displayed active skip ' extentid='442b1293-c410-4316-9a3d-328cb8eda6d2'>
											<div class='test-head'>
												<span class='test-name'>Starting user registration </span>
												<span class='test-status label right outline capitalize skip'>skip</span>
												<span class='category-assigned hide '></span>
											</div>
											<div class='test-body'>
												<div class='test-info'>
													<span title='Test started time' alt='Test started time' class='test-started-time label green lighten-1 text-white'>2017-08-22 16:16:35</span>
													<span title='Test ended time' alt='Test ended time' class='test-ended-time label red lighten-1 text-white'>2017-08-22 16:16:35</span>
													<span title='Time taken to finish' alt='Time taken to finish' class='test-time-taken label blue-grey lighten-3 text-white'>0h 0m 0s+0ms</span>
												</div>
												<div class='test-desc'></div>
												<div class='test-attributes'>
												</div>
												<div class='test-steps'>
													<table class='bordered table-results'>
														<thead>
															<tr>
																<th>Status</th>
																<th>Timestamp</th>
																<th>Details</th>
															</tr>
														</thead>
														<tbody>
																<tr>
																	<td class='status skip' title='skip' alt='skip'><i class='mdi-content-redo'></i></td>
																	<td class='timestamp'>16:16:35</td>
																	<td class='step-details'>This test case is skipped</td>
																</tr>
																<tr>
																	<td class='status skip' title='skip' alt='skip'><i class='mdi-content-redo'></i></td>
																	<td class='timestamp'>16:16:35</td>
																	<td class='step-details'>Test Case Skipped is wpregistrationtest</td>
																</tr>
														</tbody>
													</table>
													<ul class='collapsible node-list' data-collapsible='accordion'>
													</ul>
												</div>
											</div>
										</li>
										<li class='collection-item test displayed active skip ' extentid='f8132379-f210-43e4-961d-5acae442ac7d'>
											<div class='test-head'>
												<span class='test-name'>Starting user registration </span>
												<span class='test-status label right outline capitalize skip'>skip</span>
												<span class='category-assigned hide '></span>
											</div>
											<div class='test-body'>
												<div class='test-info'>
													<span title='Test started time' alt='Test started time' class='test-started-time label green lighten-1 text-white'>2017-08-22 16:16:35</span>
													<span title='Test ended time' alt='Test ended time' class='test-ended-time label red lighten-1 text-white'>2017-08-22 16:16:35</span>
													<span title='Time taken to finish' alt='Time taken to finish' class='test-time-taken label blue-grey lighten-3 text-white'>0h 0m 0s+0ms</span>
												</div>
												<div class='test-desc'></div>
												<div class='test-attributes'>
												</div>
												<div class='test-steps'>
													<table class='bordered table-results'>
														<thead>
															<tr>
																<th>Status</th>
																<th>Timestamp</th>
																<th>Details</th>
															</tr>
														</thead>
														<tbody>
																<tr>
																	<td class='status skip' title='skip' alt='skip'><i class='mdi-content-redo'></i></td>
																	<td class='timestamp'>16:16:35</td>
																	<td class='step-details'>This test case is skipped</td>
																</tr>
																<tr>
																	<td class='status skip' title='skip' alt='skip'><i class='mdi-content-redo'></i></td>
																	<td class='timestamp'>16:16:35</td>
																	<td class='step-details'>Test Case Skipped is wpregistrationtest</td>
																</tr>
														</tbody>
													</table>
													<ul class='collapsible node-list' data-collapsible='accordion'>
													</ul>
												</div>
											</div>
										</li>
										<li class='collection-item test displayed active skip ' extentid='f32f19d9-9370-4c3f-b192-8cd977371c10'>
											<div class='test-head'>
												<span class='test-name'>Starting user registration </span>
												<span class='test-status label right outline capitalize skip'>skip</span>
												<span class='category-assigned hide '></span>
											</div>
											<div class='test-body'>
												<div class='test-info'>
													<span title='Test started time' alt='Test started time' class='test-started-time label green lighten-1 text-white'>2017-08-22 16:16:35</span>
													<span title='Test ended time' alt='Test ended time' class='test-ended-time label red lighten-1 text-white'>2017-08-22 16:16:35</span>
													<span title='Time taken to finish' alt='Time taken to finish' class='test-time-taken label blue-grey lighten-3 text-white'>0h 0m 0s+0ms</span>
												</div>
												<div class='test-desc'></div>
												<div class='test-attributes'>
												</div>
												<div class='test-steps'>
													<table class='bordered table-results'>
														<thead>
															<tr>
																<th>Status</th>
																<th>Timestamp</th>
																<th>Details</th>
															</tr>
														</thead>
														<tbody>
																<tr>
																	<td class='status skip' title='skip' alt='skip'><i class='mdi-content-redo'></i></td>
																	<td class='timestamp'>16:16:35</td>
																	<td class='step-details'>This test case is skipped</td>
																</tr>
																<tr>
																	<td class='status skip' title='skip' alt='skip'><i class='mdi-content-redo'></i></td>
																	<td class='timestamp'>16:16:36</td>
																	<td class='step-details'>Test Case Skipped is wpregistrationtest</td>
																</tr>
														</tbody>
													</table>
													<ul class='collapsible node-list' data-collapsible='accordion'>
													</ul>
												</div>
											</div>
										</li>
								</ul>
							</div>
						</div>
					</div>
				</div>
				<div id='test-details-wrapper' class='col _addedCell2'>
					<div class='contents'>
						<div class='card-panel details-view'>
							<h5 class='details-name'></h5>
							<div class='step-filters right'>
								<span class='btn-floating btn-small waves-effect waves-light blue' status='info' alt='info' title='info'><i class='mdi-action-info-outline'></i></span>
								<span class='btn-floating btn-small waves-effect waves-light green' status='pass' alt='pass' title='pass'><i class='mdi-action-check-circle'></i></span>
								<span class='btn-floating btn-small waves-effect waves-light red' status='fail' alt='fail' title='fail'><i class='mdi-navigation-cancel'></i></span>
								<span class='btn-floating btn-small waves-effect waves-light red darken-4' status='fatal' alt='fatal' title='fatal'><i class='mdi-navigation-cancel'></i></span>
								<span class='btn-floating btn-small waves-effect waves-light red lighten-2' status='error' alt='error' title='error'><i class='mdi-alert-error'></i></span>
								<span class='btn-floating btn-small waves-effect waves-light orange' alt='warning' status='warning' title='warning'><i class='mdi-alert-warning'></i></span>
								<span class='btn-floating btn-small waves-effect waves-light cyan' status='skip' alt='skip' title='skip'><i class='mdi-content-redo'></i></span>
								<span class='btn-floating btn-small waves-effect waves-light grey darken-2' status='clear-step-filter' alt='Clear filters' title='Clear filters'><i class='mdi-content-clear'></i></span>
							</div>
							<div class='details-container'>
							</div>
						</div>
					</div>
				</div>
			</div>
			<!-- /tests -->
			
			<!-- categories -->
			<!-- /categories -->
			
			<!-- exceptions -->
				<div id='exceptions-view' class='row _addedTable hide'>
					<div class='col _addedCell1'>
						<div class='contents'>
							<div class='card-panel heading'>
								<h5>Defects</h5>
							</div>
							<div class='card-panel filters'>
								<div class='search' alt='Search tests' title='Search tests'>
									<div class='input-field left'>
										<input id='searchTests' type='text' class='validate' placeholder='Search tests...'>
									</div>
									<a href="#" class='btn-floating btn-small waves-effect waves-light blue lighten-1'>
										<i class='mdi-action-search'></i>
									</a>
								</div>
							</div>
							<div class='card-panel no-padding-h no-padding-v'>
								<div class='wrapper'>
									<ul id='exception-collection' class='exception-collection'>
											<li class='exception-item displayed'>
												<div class='exception-head'>
													<span class='exception-name'>org.openqa.selenium.NoSuchElementException</span>
												</div>
												<div class='exception-test-count'>
													<span class='fail label'>1</span>
												</div>
												<div class='exception-body'>
													<div class='exception-tests'>
														<table class='bordered'>
															<thead>
																<tr>
																	<th>RunDate</th>
																	<th>Test Name</th>
																	<th>Exception</th>
																</tr>
															</thead>
															<tbody>
                                                                   <tr class='fatal'>
                                                                       <td>2017-08-22 16:14:52</td>
                                                                       <td><span class='exception-link linked' extentid='194cb541-ee4b-42a2-aeed-8cb153f9d27b'>Starting user registration</span></td>
                                                                       <td><pre class='exception-message'>org.openqa.selenium.NoSuchElementException: no such element: Unable to locate element: {"method":"name","selector":"pinNumber"}
  (Session info: chrome=60.0.3112.101)
  (Driver info: chromedriver=2.29.461591 (62ebf098771772160f391d75e589dc567915b233),platform=Windows NT 6.3.9600 x86_64) (WARNING: The server did not provide any stacktrace information)
Command duration or timeout: 13 milliseconds
For documentation on this error, please visit: http://seleniumhq.org/exceptions/no_such_element.html
Build info: version: '3.3.1', revision: '5234b325d5', time: '2017-03-10 09:10:29 +0000'
System info: host: 'HMECL000220', ip: '10.16.33.238', os.name: 'Windows 8.1', os.arch: 'amd64', os.version: '6.3', java.version: '1.8.0_91'
Driver info: org.openqa.selenium.chrome.ChromeDriver
Capabilities [{applicationCacheEnabled=false, rotatable=false, mobileEmulationEnabled=false, networkConnectionEnabled=false, chrome={chromedriverVersion=2.29.461591 (62ebf098771772160f391d75e589dc567915b233), userDataDir=C:\Users\YOGEND~1.SIN\AppData\Local\Temp\scoped_dir24752_24283}, takesHeapSnapshot=true, pageLoadStrategy=normal, databaseEnabled=false, handlesAlerts=true, hasTouchScreen=false, version=60.0.3112.101, platform=WIN8_1, browserConnectionEnabled=false, nativeEvents=true, acceptSslCerts=true, locationContextEnabled=true, webStorageEnabled=true, browserName=chrome, takesScreenshot=true, javascriptEnabled=true, cssSelectorsEnabled=true, unexpectedAlertBehaviour=}]
Session ID: ddd1cf0903433dead449461cf0b0d411
*** Element info: {Using=name, value=pinNumber}
	at sun.reflect.NativeConstructorAccessorImpl.newInstance0(Native Method)
	at sun.reflect.NativeConstructorAccessorImpl.newInstance(NativeConstructorAccessorImpl.java:62)
	at sun.reflect.DelegatingConstructorAccessorImpl.newInstance(DelegatingConstructorAccessorImpl.java:45)
	at java.lang.reflect.Constructor.newInstance(Constructor.java:423)
	at org.openqa.selenium.remote.ErrorHandler.createThrowable(ErrorHandler.java:216)
	at org.openqa.selenium.remote.ErrorHandler.throwIfResponseFailed(ErrorHandler.java:168)
	at org.openqa.selenium.remote.RemoteWebDriver.execute(RemoteWebDriver.java:638)
	at org.openqa.selenium.remote.RemoteWebDriver.findElement(RemoteWebDriver.java:371)
	at org.openqa.selenium.remote.RemoteWebDriver.findElementByName(RemoteWebDriver.java:452)
	at org.openqa.selenium.By$ByName.findElement(By.java:303)
	at org.openqa.selenium.remote.RemoteWebDriver.findElement(RemoteWebDriver.java:363)
	at org.openqa.selenium.support.pagefactory.DefaultElementLocator.findElement(DefaultElementLocator.java:69)
	at org.openqa.selenium.support.pagefactory.internal.LocatingElementHandler.invoke(LocatingElementHandler.java:38)
	at com.sun.proxy.$Proxy11.getText(Unknown Source)
	at com.happiestmind.automation.errorhandler.ExtentErrorHandler.extentHandlerForElement(ExtentErrorHandler.java:95)
	at com.happiestmind.automation.selenium.CustomWebElement.sendKeys(CustomWebElement.java:69)
	at com.happiestmind.automation.wp.pagefactory.ActiveAccount.enterOneTimePinNumber(ActiveAccount.java:61)
	at com.happiestmind.automation.suite.wpregression.WPRegistrationTest.wpregistrationtest(WPRegistrationTest.java:377)
	at sun.reflect.NativeMethodAccessorImpl.invoke0(Native Method)
	at sun.reflect.NativeMethodAccessorImpl.invoke(NativeMethodAccessorImpl.java:62)
	at sun.reflect.DelegatingMethodAccessorImpl.invoke(DelegatingMethodAccessorImpl.java:43)
	at java.lang.reflect.Method.invoke(Method.java:498)
	at org.testng.internal.MethodInvocationHelper.invokeMethod(MethodInvocationHelper.java:108)
	at org.testng.internal.Invoker.invokeMethod(Invoker.java:661)
	at org.testng.internal.Invoker.invokeTestMethod(Invoker.java:869)
	at org.testng.internal.Invoker.invokeTestMethods(Invoker.java:1193)
	at org.testng.internal.TestMethodWorker.invokeTestMethods(TestMethodWorker.java:126)
	at org.testng.internal.TestMethodWorker.run(TestMethodWorker.java:109)
	at org.testng.TestRunner.privateRun(TestRunner.java:744)
	at org.testng.TestRunner.run(TestRunner.java:602)
	at org.testng.SuiteRunner.runTest(SuiteRunner.java:380)
	at org.testng.SuiteRunner.runSequentially(SuiteRunner.java:375)
	at org.testng.SuiteRunner.privateRun(SuiteRunner.java:340)
	at org.testng.SuiteRunner.run(SuiteRunner.java:289)
	at org.testng.SuiteRunnerWorker.runSuite(SuiteRunnerWorker.java:52)
	at org.testng.SuiteRunnerWorker.run(SuiteRunnerWorker.java:86)
	at org.testng.TestNG.runSuitesSequentially(TestNG.java:1301)
	at org.testng.TestNG.runSuitesSequentially(TestNG.java:1297)
	at org.testng.TestNG.runSuitesLocally(TestNG.java:1226)
	at org.testng.TestNG.runSuites(TestNG.java:1144)
	at org.testng.TestNG.run(TestNG.java:1115)
	at org.testng.remote.AbstractRemoteTestNG.run(AbstractRemoteTestNG.java:132)
	at org.testng.remote.RemoteTestNG.initAndRun(RemoteTestNG.java:230)
	at org.testng.remote.RemoteTestNG.main(RemoteTestNG.java:76)
</pre></td>
                                                                   </tr>
                                                            </tbody>
														</table>
													</div>
												</div> 
											</li>
									</ul>
								</div>
							</div>
						</div>
					</div>
					<div id='exception-details-wrapper' class='col _addedCell2'>
						<div class='contents'>
							<div class='card-panel details-view'>
								<h5 class='exception-name'></h5>
								<div class='exception-container'>
								</div>
							</div>
						</div>
					</div>
				</div>
			<!-- /exceptions -->
			
			<!-- testrunner logs -->
			<!-- /testrunner logs -->
			
		</div>
		<!-- /container -->
		
		<!-- test dashboard counts setting -->
		<div id='test-count-setting' class='modal bottom-sheet'> 
			<div class='modal-content'> 
				<h5>Configure Tests Count Setting</h5> 
				<input name='test-count-setting' type='radio' id='parentWithoutNodes' class='with-gap'> 
				<label for='parentWithoutNodes'>Parent Tests Only (Does not include child nodes in counts)</label> 
				<br> 
				<input name='test-count-setting' type='radio' id='parentWithoutNodesAndNodes' class='with-gap'> 
				<label for='parentWithoutNodesAndNodes'>Parent Tests Without Child Tests + Child Tests</label> 
				<br> 
				<input name='test-count-setting' type='radio' id='childNodes' class='with-gap'> 
				<label for='childNodes'>Child Tests Only</label> 
			</div> 
			<div class='modal-footer'> 
				<a href='#!' class='modal-action modal-close waves-effect waves-green btn'>Save</a> 
			</div> 
		</div>
		<!-- /test dashboard counts setting -->
		
		<!-- filter for step status -->
		<div id='step-status-filter' class='modal bottom-sheet'> 
			<div class='modal-content'> 
				<h5>Select status</h5> 
				<input checked class='filled-in' type='checkbox' id='step-dashboard-filter-pass'> 
				<label for='step-dashboard-filter-pass'>Pass</label> 
				<br> 
				<input checked class='filled-in' type='checkbox' id='step-dashboard-filter-fail'> 
				<label for='step-dashboard-filter-fail'>Fail</label> 
				<br> 
				<input checked class='filled-in' type='checkbox' id='step-dashboard-filter-fatal'> 
				<label for='step-dashboard-filter-fatal'>Fatal</label> 
				<br> 
				<input checked class='filled-in' type='checkbox' id='step-dashboard-filter-error'> 
				<label for='step-dashboard-filter-error'>Error</label> 
				<br> 
				<input checked class='filled-in' type='checkbox' id='step-dashboard-filter-warning'> 
				<label for='step-dashboard-filter-warning'>Warning</label> 
				<br> 
				<input checked class='filled-in' type='checkbox' id='step-dashboard-filter-skip'> 
				<label for='step-dashboard-filter-skip'>Skipped</label> 
				<br> 
				<input checked class='filled-in' type='checkbox' id='step-dashboard-filter-info'> 
				<label for='step-dashboard-filter-info'>Info</label> 
				<br> 
				<input checked class='filled-in' type='checkbox' id='step-dashboard-filter-unknown'> 
				<label for='step-dashboard-filter-unknown'>Unknown</label> 
			</div>
			<div class='modal-footer'> 
				<a href='#!' class='modal-action modal-close waves-effect waves-green btn'>Save</a> 
			</div> 
		</div>
		<!-- /filter for step status -->
		
		<script src='http://cdn.rawgit.com/anshooarora/extentreports/6032d73243ba4fe4fb8769eb9c315d4fdf16fe68/cdn/extent.js' type='text/javascript'></script>

		<script>$(document).ready(function() { $('.logo span').html('ExtentReports'); });</script>
		<script>
				
      
        $(document).ready(function() {
          
        });
      
    
		</script>
	</body>
</html>
