<!DOCTYPE html PUBLIC "-//W3C//DTD XHTML 1.1//EN" "http://www.w3.org/TR/xhtml11/DTD/xhtml11.dtd">
<html xmlns="http://www.w3.org/1999/xhtml"><head><title>TestNG Report</title><style type="text/css">table {margin-bottom:10px;border-collapse:collapse;empty-cells:show}th,td {border:1px solid #009;padding:.25em .5em}th {vertical-align:bottom}td {vertical-align:top}table a {font-weight:bold}.stripe td {background-color: #E6EBF9}.num {text-align:right}.passedodd td {background-color: #3F3}.passedeven td {background-color: #0A0}.skippedodd td {background-color: #DDD}.skippedeven td {background-color: #CCC}.failedodd td,.attn {background-color: #F33}.failedeven td,.stripe .attn {background-color: #D00}.stacktrace {white-space:pre;font-family:monospace}.totop {font-size:85%;text-align:center;border-bottom:2px solid #000}</style></head><body><table><tr><th>Test</th><th># Passed</th><th># Skipped</th><th># Failed</th><th>Time (ms)</th><th>Included Groups</th><th>Excluded Groups</th></tr><tr><th colspan="7"> WPRegression Suite 1.0</th></tr><tr><td><a href="#t0">WP login</a></td><td class="num">0</td><td class="num attn">2</td><td class="num attn">2</td><td class="num">125,270</td><td></td><td></td></tr><tr><th colspan="7">Parent Test Suite</th></tr></table><table id='summary'><thead><tr><th>Class</th><th>Method</th><th>Start</th><th>Time (ms)</th></tr></thead><tbody><tr><th colspan="4"> WPRegression Suite 1.0</th></tr></tbody><tbody id="t0"><tr><th colspan="4">WP login &#8212; failed</th></tr><tr class="failedeven"><td rowspan="2">com.happiestmind.automation.suite.wpregression.WPLoginTest</td><td><a href="#m0">wplogintest</a></td><td rowspan="2">1506415894168</td><td rowspan="2">89771</td></tr><tr class="failedeven"><td><a href="#m1">wplogintest</a></td></tr><tr><th colspan="4">WP login &#8212; skipped</th></tr><tr class="skippedeven"><td rowspan="2">com.happiestmind.automation.suite.wpregression.WPLoginTest</td><td><a href="#m2">wplogintest</a></td><td rowspan="2">1506416018741</td><td rowspan="2">1</td></tr><tr class="skippedeven"><td><a href="#m3">wplogintest</a></td></tr></tbody><tbody><tr><th colspan="4">Parent Test Suite</th></tr></tbody></table><h2>WP login</h2><h3 id="m0">com.happiestmind.automation.suite.wpregression.WPLoginTest#wplogintest</h3><table class="result"><tr class="param"><th>Parameter #1</th><th>Parameter #2</th><th>Parameter #3</th><th>Parameter #4</th></tr><tr class="param stripe"><td>http://10.20.1.205/#!/home</td><td>Chrome</td><td>malavika.b@mailinator.com</td><td>Secret@1</td></tr><tr><th colspan="4">Exception</th></tr><tr><td colspan="4"><div class="stacktrace">java.lang.Exception: java.lang.Exception: org.openqa.selenium.ElementNotVisibleException: element not visible
  (Session info: chrome=60.0.3112.113)
  (Driver info: chromedriver=2.29.461591 (62ebf098771772160f391d75e589dc567915b233),platform=Windows NT 6.3.9600 x86_64) (WARNING: The server did not provide any stacktrace information)
Command duration or timeout: 121 milliseconds
Build info: version: &apos;3.3.1&apos;, revision: &apos;5234b325d5&apos;, time: &apos;2017-03-10 09:10:29 +0000&apos;
System info: host: &apos;HMECL000220&apos;, ip: &apos;10.16.33.238&apos;, os.name: &apos;Windows 8.1&apos;, os.arch: &apos;amd64&apos;, os.version: &apos;6.3&apos;, java.version: &apos;1.8.0_91&apos;
Driver info: org.openqa.selenium.chrome.ChromeDriver
Capabilities [{applicationCacheEnabled=false, rotatable=false, mobileEmulationEnabled=false, networkConnectionEnabled=false, chrome={chromedriverVersion=2.29.461591 (62ebf098771772160f391d75e589dc567915b233), userDataDir=C:\Users\YOGEND~1.SIN\AppData\Local\Temp\scoped_dir7444_13386}, takesHeapSnapshot=true, pageLoadStrategy=normal, databaseEnabled=false, handlesAlerts=true, hasTouchScreen=false, version=60.0.3112.113, platform=WIN8_1, browserConnectionEnabled=false, nativeEvents=true, acceptSslCerts=true, locationContextEnabled=true, webStorageEnabled=true, browserName=chrome, takesScreenshot=true, javascriptEnabled=true, cssSelectorsEnabled=true, unexpectedAlertBehaviour=}]
Session ID: 5ab810dfb913275f69b8da0ca7674da4
	at com.happiestmind.automation.suite.wpregression.WPLoginTest.wplogintest(WPLoginTest.java:127)
Caused by: java.lang.Exception: org.openqa.selenium.ElementNotVisibleException: element not visible
  (Session info: chrome=60.0.3112.113)
  (Driver info: chromedriver=2.29.461591 (62ebf098771772160f391d75e589dc567915b233),platform=Windows NT 6.3.9600 x86_64) (WARNING: The server did not provide any stacktrace information)
Command duration or timeout: 121 milliseconds
Build info: version: &apos;3.3.1&apos;, revision: &apos;5234b325d5&apos;, time: &apos;2017-03-10 09:10:29 +0000&apos;
System info: host: &apos;HMECL000220&apos;, ip: &apos;10.16.33.238&apos;, os.name: &apos;Windows 8.1&apos;, os.arch: &apos;amd64&apos;, os.version: &apos;6.3&apos;, java.version: &apos;1.8.0_91&apos;
Driver info: org.openqa.selenium.chrome.ChromeDriver
Capabilities [{applicationCacheEnabled=false, rotatable=false, mobileEmulationEnabled=false, networkConnectionEnabled=false, chrome={chromedriverVersion=2.29.461591 (62ebf098771772160f391d75e589dc567915b233), userDataDir=C:\Users\YOGEND~1.SIN\AppData\Local\Temp\scoped_dir7444_13386}, takesHeapSnapshot=true, pageLoadStrategy=normal, databaseEnabled=false, handlesAlerts=true, hasTouchScreen=false, version=60.0.3112.113, platform=WIN8_1, browserConnectionEnabled=false, nativeEvents=true, acceptSslCerts=true, locationContextEnabled=true, webStorageEnabled=true, browserName=chrome, takesScreenshot=true, javascriptEnabled=true, cssSelectorsEnabled=true, unexpectedAlertBehaviour=}]
Session ID: 5ab810dfb913275f69b8da0ca7674da4
	at com.happiestmind.automation.selenium.CustomWebElement.click(CustomWebElement.java:30)
	at com.happiestmind.automation.wp.pagefactory.WPLoginPage.loginPageButton(WPLoginPage.java:45)
	at com.happiestmind.automation.suite.wpregression.WPLoginTest.wplogintest(WPLoginTest.java:100)
	... 26 more
Caused by: org.openqa.selenium.ElementNotVisibleException: element not visible
  (Session info: chrome=60.0.3112.113)
  (Driver info: chromedriver=2.29.461591 (62ebf098771772160f391d75e589dc567915b233),platform=Windows NT 6.3.9600 x86_64) (WARNING: The server did not provide any stacktrace information)
Command duration or timeout: 121 milliseconds
Build info: version: &apos;3.3.1&apos;, revision: &apos;5234b325d5&apos;, time: &apos;2017-03-10 09:10:29 +0000&apos;
System info: host: &apos;HMECL000220&apos;, ip: &apos;10.16.33.238&apos;, os.name: &apos;Windows 8.1&apos;, os.arch: &apos;amd64&apos;, os.version: &apos;6.3&apos;, java.version: &apos;1.8.0_91&apos;
Driver info: org.openqa.selenium.chrome.ChromeDriver
Capabilities [{applicationCacheEnabled=false, rotatable=false, mobileEmulationEnabled=false, networkConnectionEnabled=false, chrome={chromedriverVersion=2.29.461591 (62ebf098771772160f391d75e589dc567915b233), userDataDir=C:\Users\YOGEND~1.SIN\AppData\Local\Temp\scoped_dir7444_13386}, takesHeapSnapshot=true, pageLoadStrategy=normal, databaseEnabled=false, handlesAlerts=true, hasTouchScreen=false, version=60.0.3112.113, platform=WIN8_1, browserConnectionEnabled=false, nativeEvents=true, acceptSslCerts=true, locationContextEnabled=true, webStorageEnabled=true, browserName=chrome, takesScreenshot=true, javascriptEnabled=true, cssSelectorsEnabled=true, unexpectedAlertBehaviour=}]
Session ID: 5ab810dfb913275f69b8da0ca7674da4
	at org.openqa.selenium.remote.ErrorHandler.createThrowable(ErrorHandler.java:216)
	at org.openqa.selenium.remote.ErrorHandler.throwIfResponseFailed(ErrorHandler.java:168)
	at org.openqa.selenium.remote.RemoteWebDriver.execute(RemoteWebDriver.java:638)
	at org.openqa.selenium.remote.RemoteWebElement.execute(RemoteWebElement.java:274)
	at org.openqa.selenium.remote.RemoteWebElement.click(RemoteWebElement.java:84)
	at org.openqa.selenium.support.pagefactory.internal.LocatingElementHandler.invoke(LocatingElementHandler.java:51)
	at com.sun.proxy.$Proxy11.click(Unknown Source)
	at com.happiestmind.automation.selenium.CustomWebElement.click(CustomWebElement.java:23)
	... 28 more
... Removed 34 stack frames</div></td></tr></table><p class="totop"><a href="#summary">back to summary</a></p><h3 id="m1">com.happiestmind.automation.suite.wpregression.WPLoginTest#wplogintest</h3><table class="result"><tr class="param"><th>Parameter #1</th><th>Parameter #2</th><th>Parameter #3</th><th>Parameter #4</th></tr><tr class="param stripe"><td>http://bankeroositcms.happiestminds.com/#!/home</td><td>Chrome</td><td>yogi_1498736770830@mailinator.com</td><td>Test@1234</td></tr><tr><th colspan="4">Exception</th></tr><tr><td colspan="4"><div class="stacktrace">java.lang.Exception: java.lang.Exception: org.openqa.selenium.ElementNotVisibleException: element not visible
  (Session info: chrome=60.0.3112.113)
  (Driver info: chromedriver=2.29.461591 (62ebf098771772160f391d75e589dc567915b233),platform=Windows NT 6.3.9600 x86_64) (WARNING: The server did not provide any stacktrace information)
Command duration or timeout: 55 milliseconds
Build info: version: &apos;3.3.1&apos;, revision: &apos;5234b325d5&apos;, time: &apos;2017-03-10 09:10:29 +0000&apos;
System info: host: &apos;HMECL000220&apos;, ip: &apos;10.16.33.238&apos;, os.name: &apos;Windows 8.1&apos;, os.arch: &apos;amd64&apos;, os.version: &apos;6.3&apos;, java.version: &apos;1.8.0_91&apos;
Driver info: org.openqa.selenium.chrome.ChromeDriver
Capabilities [{applicationCacheEnabled=false, rotatable=false, mobileEmulationEnabled=false, networkConnectionEnabled=false, chrome={chromedriverVersion=2.29.461591 (62ebf098771772160f391d75e589dc567915b233), userDataDir=C:\Users\YOGEND~1.SIN\AppData\Local\Temp\scoped_dir20128_31881}, takesHeapSnapshot=true, pageLoadStrategy=normal, databaseEnabled=false, handlesAlerts=true, hasTouchScreen=false, version=60.0.3112.113, platform=WIN8_1, browserConnectionEnabled=false, nativeEvents=true, acceptSslCerts=true, locationContextEnabled=true, webStorageEnabled=true, browserName=chrome, takesScreenshot=true, javascriptEnabled=true, cssSelectorsEnabled=true, unexpectedAlertBehaviour=}]
Session ID: 0732fd27b5a355919688708e5df495b5
	at com.happiestmind.automation.suite.wpregression.WPLoginTest.wplogintest(WPLoginTest.java:127)
Caused by: java.lang.Exception: org.openqa.selenium.ElementNotVisibleException: element not visible
  (Session info: chrome=60.0.3112.113)
  (Driver info: chromedriver=2.29.461591 (62ebf098771772160f391d75e589dc567915b233),platform=Windows NT 6.3.9600 x86_64) (WARNING: The server did not provide any stacktrace information)
Command duration or timeout: 55 milliseconds
Build info: version: &apos;3.3.1&apos;, revision: &apos;5234b325d5&apos;, time: &apos;2017-03-10 09:10:29 +0000&apos;
System info: host: &apos;HMECL000220&apos;, ip: &apos;10.16.33.238&apos;, os.name: &apos;Windows 8.1&apos;, os.arch: &apos;amd64&apos;, os.version: &apos;6.3&apos;, java.version: &apos;1.8.0_91&apos;
Driver info: org.openqa.selenium.chrome.ChromeDriver
Capabilities [{applicationCacheEnabled=false, rotatable=false, mobileEmulationEnabled=false, networkConnectionEnabled=false, chrome={chromedriverVersion=2.29.461591 (62ebf098771772160f391d75e589dc567915b233), userDataDir=C:\Users\YOGEND~1.SIN\AppData\Local\Temp\scoped_dir20128_31881}, takesHeapSnapshot=true, pageLoadStrategy=normal, databaseEnabled=false, handlesAlerts=true, hasTouchScreen=false, version=60.0.3112.113, platform=WIN8_1, browserConnectionEnabled=false, nativeEvents=true, acceptSslCerts=true, locationContextEnabled=true, webStorageEnabled=true, browserName=chrome, takesScreenshot=true, javascriptEnabled=true, cssSelectorsEnabled=true, unexpectedAlertBehaviour=}]
Session ID: 0732fd27b5a355919688708e5df495b5
	at com.happiestmind.automation.selenium.CustomWebElement.click(CustomWebElement.java:30)
	at com.happiestmind.automation.wp.pagefactory.WPLoginPage.loginPageButton(WPLoginPage.java:45)
	at com.happiestmind.automation.suite.wpregression.WPLoginTest.wplogintest(WPLoginTest.java:100)
	... 26 more
Caused by: org.openqa.selenium.ElementNotVisibleException: element not visible
  (Session info: chrome=60.0.3112.113)
  (Driver info: chromedriver=2.29.461591 (62ebf098771772160f391d75e589dc567915b233),platform=Windows NT 6.3.9600 x86_64) (WARNING: The server did not provide any stacktrace information)
Command duration or timeout: 55 milliseconds
Build info: version: &apos;3.3.1&apos;, revision: &apos;5234b325d5&apos;, time: &apos;2017-03-10 09:10:29 +0000&apos;
System info: host: &apos;HMECL000220&apos;, ip: &apos;10.16.33.238&apos;, os.name: &apos;Windows 8.1&apos;, os.arch: &apos;amd64&apos;, os.version: &apos;6.3&apos;, java.version: &apos;1.8.0_91&apos;
Driver info: org.openqa.selenium.chrome.ChromeDriver
Capabilities [{applicationCacheEnabled=false, rotatable=false, mobileEmulationEnabled=false, networkConnectionEnabled=false, chrome={chromedriverVersion=2.29.461591 (62ebf098771772160f391d75e589dc567915b233), userDataDir=C:\Users\YOGEND~1.SIN\AppData\Local\Temp\scoped_dir20128_31881}, takesHeapSnapshot=true, pageLoadStrategy=normal, databaseEnabled=false, handlesAlerts=true, hasTouchScreen=false, version=60.0.3112.113, platform=WIN8_1, browserConnectionEnabled=false, nativeEvents=true, acceptSslCerts=true, locationContextEnabled=true, webStorageEnabled=true, browserName=chrome, takesScreenshot=true, javascriptEnabled=true, cssSelectorsEnabled=true, unexpectedAlertBehaviour=}]
Session ID: 0732fd27b5a355919688708e5df495b5
	at org.openqa.selenium.remote.ErrorHandler.createThrowable(ErrorHandler.java:216)
	at org.openqa.selenium.remote.ErrorHandler.throwIfResponseFailed(ErrorHandler.java:168)
	at org.openqa.selenium.remote.RemoteWebDriver.execute(RemoteWebDriver.java:638)
	at org.openqa.selenium.remote.RemoteWebElement.execute(RemoteWebElement.java:274)
	at org.openqa.selenium.remote.RemoteWebElement.click(RemoteWebElement.java:84)
	at org.openqa.selenium.support.pagefactory.internal.LocatingElementHandler.invoke(LocatingElementHandler.java:51)
	at com.sun.proxy.$Proxy11.click(Unknown Source)
	at com.happiestmind.automation.selenium.CustomWebElement.click(CustomWebElement.java:23)
	... 28 more
... Removed 34 stack frames</div></td></tr></table><p class="totop"><a href="#summary">back to summary</a></p><h3 id="m2">com.happiestmind.automation.suite.wpregression.WPLoginTest#wplogintest</h3><table class="result"><tr class="param"><th>Parameter #1</th><th>Parameter #2</th><th>Parameter #3</th><th>Parameter #4</th></tr><tr class="param stripe"><td></td><td></td><td></td><td></td></tr><tr><th colspan="4">Exception</th></tr><tr><td colspan="4"><div class="stacktrace">org.testng.SkipException: Runmode for test set data set to no 3
	at com.happiestmind.automation.suite.wpregression.WPLoginTest.wplogintest(WPLoginTest.java:83)
... Removed 26 stack frames</div></td></tr></table><p class="totop"><a href="#summary">back to summary</a></p><h3 id="m3">com.happiestmind.automation.suite.wpregression.WPLoginTest#wplogintest</h3><table class="result"><tr class="param"><th>Parameter #1</th><th>Parameter #2</th><th>Parameter #3</th><th>Parameter #4</th></tr><tr class="param stripe"><td></td><td></td><td></td><td></td></tr><tr><th colspan="4">Exception</th></tr><tr><td colspan="4"><div class="stacktrace">org.testng.SkipException: Runmode for test set data set to no 2
	at com.happiestmind.automation.suite.wpregression.WPLoginTest.wplogintest(WPLoginTest.java:83)
... Removed 26 stack frames</div></td></tr></table><p class="totop"><a href="#summary">back to summary</a></p></body></html>