<?xml version="1.0" encoding="UTF-8"?>
<!-- Generated by org.testng.reporters.JUnitReportReporter -->
<testsuite skipped="18" hostname="HMECL000220" name="com.happiestmind.automation.suite.wpregression.WPRegistrationTest" tests="19" failures="0" timestamp="30 Aug 2017 11:00:35 GMT" time="30.643" errors="1">
  <testcase name="wpregistrationtest" time="0.303" classname="com.happiestmind.automation.suite.wpregression.WPRegistrationTest">
    <skipped/>
  </testcase> <!-- wpregistrationtest -->
  <testcase name="wpregistrationtest" time="0.342" classname="com.happiestmind.automation.suite.wpregression.WPRegistrationTest">
    <skipped/>
  </testcase> <!-- wpregistrationtest -->
  <testcase name="wpregistrationtest" time="22.304" classname="com.happiestmind.automation.suite.wpregression.WPRegistrationTest">
    <error type="java.lang.Exception" message="java.lang.Exception: org.openqa.selenium.ElementNotVisibleException: element not visible
  (Session info: chrome=60.0.3112.101)
  (Driver info: chromedriver=2.29.461591 (62ebf098771772160f391d75e589dc567915b233),platform=Windows NT 6.3.9600 x86_64) (WARNING: The server did not provide any stacktrace information)
Command duration or timeout: 56 milliseconds
Build info: version: &#039;3.3.1&#039;, revision: &#039;5234b325d5&#039;, time: &#039;2017-03-10 09:10:29 +0000&#039;
System info: host: &#039;HMECL000220&#039;, ip: &#039;10.16.33.238&#039;, os.name: &#039;Windows 8.1&#039;, os.arch: &#039;amd64&#039;, os.version: &#039;6.3&#039;, java.version: &#039;1.8.0_91&#039;
Driver info: org.openqa.selenium.chrome.ChromeDriver
Capabilities [{applicationCacheEnabled=false, rotatable=false, mobileEmulationEnabled=false, networkConnectionEnabled=false, chrome={chromedriverVersion=2.29.461591 (62ebf098771772160f391d75e589dc567915b233), userDataDir=C:\Users\YOGEND~1.SIN\AppData\Local\Temp\scoped_dir19388_22090}, takesHeapSnapshot=true, pageLoadStrategy=normal, databaseEnabled=false, handlesAlerts=true, hasTouchScreen=false, version=60.0.3112.101, platform=WIN8_1, browserConnectionEnabled=false, nativeEvents=true, acceptSslCerts=true, locationContextEnabled=true, webStorageEnabled=true, browserName=chrome, takesScreenshot=true, javascriptEnabled=true, cssSelectorsEnabled=true, unexpectedAlertBehaviour=}]
Session ID: 0903fa41a064f8dadf06c333aeeadab8">
      <![CDATA[java.lang.Exception: java.lang.Exception: org.openqa.selenium.ElementNotVisibleException: element not visible
  (Session info: chrome=60.0.3112.101)
  (Driver info: chromedriver=2.29.461591 (62ebf098771772160f391d75e589dc567915b233),platform=Windows NT 6.3.9600 x86_64) (WARNING: The server did not provide any stacktrace information)
Command duration or timeout: 56 milliseconds
Build info: version: '3.3.1', revision: '5234b325d5', time: '2017-03-10 09:10:29 +0000'
System info: host: 'HMECL000220', ip: '10.16.33.238', os.name: 'Windows 8.1', os.arch: 'amd64', os.version: '6.3', java.version: '1.8.0_91'
Driver info: org.openqa.selenium.chrome.ChromeDriver
Capabilities [{applicationCacheEnabled=false, rotatable=false, mobileEmulationEnabled=false, networkConnectionEnabled=false, chrome={chromedriverVersion=2.29.461591 (62ebf098771772160f391d75e589dc567915b233), userDataDir=C:\Users\YOGEND~1.SIN\AppData\Local\Temp\scoped_dir19388_22090}, takesHeapSnapshot=true, pageLoadStrategy=normal, databaseEnabled=false, handlesAlerts=true, hasTouchScreen=false, version=60.0.3112.101, platform=WIN8_1, browserConnectionEnabled=false, nativeEvents=true, acceptSslCerts=true, locationContextEnabled=true, webStorageEnabled=true, browserName=chrome, takesScreenshot=true, javascriptEnabled=true, cssSelectorsEnabled=true, unexpectedAlertBehaviour=}]
Session ID: 0903fa41a064f8dadf06c333aeeadab8
	at com.happiestmind.automation.suite.wpregression.WPRegistrationTest.wpregistrationtest(WPRegistrationTest.java:450)
	at sun.reflect.NativeMethodAccessorImpl.invoke0(Native Method)
	at sun.reflect.NativeMethodAccessorImpl.invoke(NativeMethodAccessorImpl.java:62)
	at sun.reflect.DelegatingMethodAccessorImpl.invoke(DelegatingMethodAccessorImpl.java:43)
	at java.lang.reflect.Method.invoke(Method.java:498)
	at org.testng.internal.MethodInvocationHelper.invokeMethod(MethodInvocationHelper.java:108)
	at org.testng.internal.Invoker.invokeMethod(Invoker.java:661)
	at org.testng.internal.Invoker.invokeTestMethod(Invoker.java:869)
	at org.testng.internal.Invoker.invokeTestMethods(Invoker.java:1193)
	at org.testng.internal.TestMethodWorker.invokeTestMethods(TestMethodWorker.java:126)
	at org.testng.internal.TestMethodWorker.run(TestMethodWorker.java:109)
	at org.testng.TestRunner.privateRun(TestRunner.java:744)
	at org.testng.TestRunner.run(TestRunner.java:602)
	at org.testng.SuiteRunner.runTest(SuiteRunner.java:380)
	at org.testng.SuiteRunner.runSequentially(SuiteRunner.java:375)
	at org.testng.SuiteRunner.privateRun(SuiteRunner.java:340)
	at org.testng.SuiteRunner.run(SuiteRunner.java:289)
	at org.testng.SuiteRunnerWorker.runSuite(SuiteRunnerWorker.java:52)
	at org.testng.SuiteRunnerWorker.run(SuiteRunnerWorker.java:86)
	at org.testng.TestNG.runSuitesSequentially(TestNG.java:1301)
	at org.testng.TestNG.runSuitesSequentially(TestNG.java:1297)
	at org.testng.TestNG.runSuitesLocally(TestNG.java:1226)
	at org.testng.TestNG.runSuites(TestNG.java:1144)
	at org.testng.TestNG.run(TestNG.java:1115)
	at org.testng.remote.AbstractRemoteTestNG.run(AbstractRemoteTestNG.java:132)
	at org.testng.remote.RemoteTestNG.initAndRun(RemoteTestNG.java:230)
	at org.testng.remote.RemoteTestNG.main(RemoteTestNG.java:76)
Caused by: java.lang.Exception: org.openqa.selenium.ElementNotVisibleException: element not visible
  (Session info: chrome=60.0.3112.101)
  (Driver info: chromedriver=2.29.461591 (62ebf098771772160f391d75e589dc567915b233),platform=Windows NT 6.3.9600 x86_64) (WARNING: The server did not provide any stacktrace information)
Command duration or timeout: 56 milliseconds
Build info: version: '3.3.1', revision: '5234b325d5', time: '2017-03-10 09:10:29 +0000'
System info: host: 'HMECL000220', ip: '10.16.33.238', os.name: 'Windows 8.1', os.arch: 'amd64', os.version: '6.3', java.version: '1.8.0_91'
Driver info: org.openqa.selenium.chrome.ChromeDriver
Capabilities [{applicationCacheEnabled=false, rotatable=false, mobileEmulationEnabled=false, networkConnectionEnabled=false, chrome={chromedriverVersion=2.29.461591 (62ebf098771772160f391d75e589dc567915b233), userDataDir=C:\Users\YOGEND~1.SIN\AppData\Local\Temp\scoped_dir19388_22090}, takesHeapSnapshot=true, pageLoadStrategy=normal, databaseEnabled=false, handlesAlerts=true, hasTouchScreen=false, version=60.0.3112.101, platform=WIN8_1, browserConnectionEnabled=false, nativeEvents=true, acceptSslCerts=true, locationContextEnabled=true, webStorageEnabled=true, browserName=chrome, takesScreenshot=true, javascriptEnabled=true, cssSelectorsEnabled=true, unexpectedAlertBehaviour=}]
Session ID: 0903fa41a064f8dadf06c333aeeadab8
	at com.happiestmind.automation.selenium.CustomWebElement.click(CustomWebElement.java:30)
	at com.happiestmind.automation.wp.pagefactory.HomePage.clickIAgree(HomePage.java:121)
	at com.happiestmind.automation.suite.wpregression.WPRegistrationTest.wpregistrationtest(WPRegistrationTest.java:214)
	... 26 more
Caused by: org.openqa.selenium.ElementNotVisibleException: element not visible
  (Session info: chrome=60.0.3112.101)
  (Driver info: chromedriver=2.29.461591 (62ebf098771772160f391d75e589dc567915b233),platform=Windows NT 6.3.9600 x86_64) (WARNING: The server did not provide any stacktrace information)
Command duration or timeout: 56 milliseconds
Build info: version: '3.3.1', revision: '5234b325d5', time: '2017-03-10 09:10:29 +0000'
System info: host: 'HMECL000220', ip: '10.16.33.238', os.name: 'Windows 8.1', os.arch: 'amd64', os.version: '6.3', java.version: '1.8.0_91'
Driver info: org.openqa.selenium.chrome.ChromeDriver
Capabilities [{applicationCacheEnabled=false, rotatable=false, mobileEmulationEnabled=false, networkConnectionEnabled=false, chrome={chromedriverVersion=2.29.461591 (62ebf098771772160f391d75e589dc567915b233), userDataDir=C:\Users\YOGEND~1.SIN\AppData\Local\Temp\scoped_dir19388_22090}, takesHeapSnapshot=true, pageLoadStrategy=normal, databaseEnabled=false, handlesAlerts=true, hasTouchScreen=false, version=60.0.3112.101, platform=WIN8_1, browserConnectionEnabled=false, nativeEvents=true, acceptSslCerts=true, locationContextEnabled=true, webStorageEnabled=true, browserName=chrome, takesScreenshot=true, javascriptEnabled=true, cssSelectorsEnabled=true, unexpectedAlertBehaviour=}]
Session ID: 0903fa41a064f8dadf06c333aeeadab8
	at sun.reflect.NativeConstructorAccessorImpl.newInstance0(Native Method)
	at sun.reflect.NativeConstructorAccessorImpl.newInstance(NativeConstructorAccessorImpl.java:62)
	at sun.reflect.DelegatingConstructorAccessorImpl.newInstance(DelegatingConstructorAccessorImpl.java:45)
	at java.lang.reflect.Constructor.newInstance(Constructor.java:423)
	at org.openqa.selenium.remote.ErrorHandler.createThrowable(ErrorHandler.java:216)
	at org.openqa.selenium.remote.ErrorHandler.throwIfResponseFailed(ErrorHandler.java:168)
	at org.openqa.selenium.remote.RemoteWebDriver.execute(RemoteWebDriver.java:638)
	at org.openqa.selenium.remote.RemoteWebElement.execute(RemoteWebElement.java:274)
	at org.openqa.selenium.remote.RemoteWebElement.click(RemoteWebElement.java:84)
	at sun.reflect.NativeMethodAccessorImpl.invoke0(Native Method)
	at sun.reflect.NativeMethodAccessorImpl.invoke(NativeMethodAccessorImpl.java:62)
	at sun.reflect.DelegatingMethodAccessorImpl.invoke(DelegatingMethodAccessorImpl.java:43)
	at java.lang.reflect.Method.invoke(Method.java:498)
	at org.openqa.selenium.support.pagefactory.internal.LocatingElementHandler.invoke(LocatingElementHandler.java:51)
	at com.sun.proxy.$Proxy11.click(Unknown Source)
	at com.happiestmind.automation.selenium.CustomWebElement.click(CustomWebElement.java:23)
	... 28 more
]]>
    </error>
  </testcase> <!-- wpregistrationtest -->
  <testcase name="wpregistrationtest" time="0.457" classname="com.happiestmind.automation.suite.wpregression.WPRegistrationTest">
    <skipped/>
  </testcase> <!-- wpregistrationtest -->
  <testcase name="wpregistrationtest" time="0.419" classname="com.happiestmind.automation.suite.wpregression.WPRegistrationTest">
    <skipped/>
  </testcase> <!-- wpregistrationtest -->
  <testcase name="wpregistrationtest" time="0.576" classname="com.happiestmind.automation.suite.wpregression.WPRegistrationTest">
    <skipped/>
  </testcase> <!-- wpregistrationtest -->
  <testcase name="wpregistrationtest" time="0.458" classname="com.happiestmind.automation.suite.wpregression.WPRegistrationTest">
    <skipped/>
  </testcase> <!-- wpregistrationtest -->
  <testcase name="wpregistrationtest" time="0.438" classname="com.happiestmind.automation.suite.wpregression.WPRegistrationTest">
    <skipped/>
  </testcase> <!-- wpregistrationtest -->
  <testcase name="wpregistrationtest" time="0.225" classname="com.happiestmind.automation.suite.wpregression.WPRegistrationTest">
    <skipped/>
  </testcase> <!-- wpregistrationtest -->
  <testcase name="wpregistrationtest" time="1.445" classname="com.happiestmind.automation.suite.wpregression.WPRegistrationTest">
    <skipped/>
  </testcase> <!-- wpregistrationtest -->
  <testcase name="wpregistrationtest" time="0.386" classname="com.happiestmind.automation.suite.wpregression.WPRegistrationTest">
    <skipped/>
  </testcase> <!-- wpregistrationtest -->
  <testcase name="wpregistrationtest" time="0.546" classname="com.happiestmind.automation.suite.wpregression.WPRegistrationTest">
    <skipped/>
  </testcase> <!-- wpregistrationtest -->
  <testcase name="wpregistrationtest" time="0.440" classname="com.happiestmind.automation.suite.wpregression.WPRegistrationTest">
    <skipped/>
  </testcase> <!-- wpregistrationtest -->
  <testcase name="wpregistrationtest" time="0.310" classname="com.happiestmind.automation.suite.wpregression.WPRegistrationTest">
    <skipped/>
  </testcase> <!-- wpregistrationtest -->
  <testcase name="wpregistrationtest" time="0.382" classname="com.happiestmind.automation.suite.wpregression.WPRegistrationTest">
    <skipped/>
  </testcase> <!-- wpregistrationtest -->
  <testcase name="wpregistrationtest" time="0.557" classname="com.happiestmind.automation.suite.wpregression.WPRegistrationTest">
    <skipped/>
  </testcase> <!-- wpregistrationtest -->
  <testcase name="wpregistrationtest" time="0.283" classname="com.happiestmind.automation.suite.wpregression.WPRegistrationTest">
    <skipped/>
  </testcase> <!-- wpregistrationtest -->
  <testcase name="wpregistrationtest" time="0.357" classname="com.happiestmind.automation.suite.wpregression.WPRegistrationTest">
    <skipped/>
  </testcase> <!-- wpregistrationtest -->
  <testcase name="wpregistrationtest" time="0.415" classname="com.happiestmind.automation.suite.wpregression.WPRegistrationTest">
    <skipped/>
  </testcase> <!-- wpregistrationtest -->
</testsuite> <!-- com.happiestmind.automation.suite.wpregression.WPRegistrationTest -->
